Mplus VERSION 8.8
MUTHEN & MUTHEN
03/06/2023  12:29 PM

INPUT INSTRUCTIONS

  TITLE:
  Class-5_Time1
  DATA:
  FILE = "C:/Users/Dina Arch/Box/TA - ED 201/Labs/ucsb-mixture-lab7/enum_LCA_time1/t1.dat";

  VARIABLE:
  NAMES = casenum cohort female minority ab39m ab39t ab39u ab39w ab39x ga33a ga33h
       ga33i ga33k ga33l math_g7 math_g10 math_g12 op_know op_know2 siok siok2;
   MISSING=.;
   !!! NOTE CHANGE: List of the five 7th grade science attitude indicators !!!
  categorical = ab39m-ab39x;
       usevar = ab39m-ab39x;

  classes = c(5);
  ANALYSIS:
  estimator = mlr;
      type = mixture;
      !!! NOTE CHANGE: The intial and final start values. Reduce to speed up estimation time
      starts = 500 100;
      processors=10;
  OUTPUT:
  sampstat residual tech11 tech14;
  PLOT:
  type = plot3;
      series = ab39m-ab39x(*);



*** WARNING
  Input line exceeded 90 characters. Some input may be truncated.
      !!! NOTE CHANGE: The intial and final start values. Reduce to speed up estimation time.
*** WARNING in OUTPUT command
  SAMPSTAT option is not available when all outcomes are censored, ordered
  categorical, unordered categorical (nominal), count or continuous-time
  survival variables.  Request for SAMPSTAT is ignored.
*** WARNING
  Data set contains cases with missing on all variables.
  These cases were not included in the analysis.
  Number of cases with missing on all variables:  55
   3 WARNING(S) FOUND IN THE INPUT INSTRUCTIONS




Class-5_Time1

SUMMARY OF ANALYSIS

Number of groups                                                 1
Number of observations                                        3061

Number of dependent variables                                    5
Number of independent variables                                  0
Number of continuous latent variables                            0
Number of categorical latent variables                           1

Observed dependent variables

  Binary and ordered categorical (ordinal)
   AB39M       AB39T       AB39U       AB39W       AB39X

Categorical latent variables
   C


Estimator                                                      MLR
Information matrix                                        OBSERVED
Optimization Specifications for the Quasi-Newton Algorithm for
Continuous Outcomes
  Maximum number of iterations                                 100
  Convergence criterion                                  0.100D-05
Optimization Specifications for the EM Algorithm
  Maximum number of iterations                                 500
  Convergence criteria
    Loglikelihood change                                 0.100D-06
    Relative loglikelihood change                        0.100D-06
    Derivative                                           0.100D-05
Optimization Specifications for the M step of the EM Algorithm for
Categorical Latent variables
  Number of M step iterations                                    1
  M step convergence criterion                           0.100D-05
  Basis for M step termination                           ITERATION
Optimization Specifications for the M step of the EM Algorithm for
Censored, Binary or Ordered Categorical (Ordinal), Unordered
Categorical (Nominal) and Count Outcomes
  Number of M step iterations                                    1
  M step convergence criterion                           0.100D-05
  Basis for M step termination                           ITERATION
  Maximum value for logit thresholds                            15
  Minimum value for logit thresholds                           -15
  Minimum expected cell size for chi-square              0.100D-01
Maximum number of iterations for H1                           2000
Convergence criterion for H1                             0.100D-03
Optimization algorithm                                         EMA
Random Starts Specifications
  Number of initial stage random starts                        500
  Number of final stage optimizations                          100
  Number of initial stage iterations                            10
  Initial stage convergence criterion                    0.100D+01
  Random starts scale                                    0.500D+01
  Random seed for generating random starts                       0
Link                                                         LOGIT

Input data file(s)
  C:/Users/Dina Arch/Box/TA - ED 201/Labs/ucsb-mixture-lab7/enum_LCA_time1/t1.da
Input data format  FREE


SUMMARY OF DATA

     Number of missing data patterns            21
     Number of y missing data patterns           0
     Number of u missing data patterns          21


COVARIANCE COVERAGE OF DATA

Minimum covariance coverage value   0.100


     PROPORTION OF DATA PRESENT FOR U


           Covariance Coverage
              AB39M         AB39T         AB39U         AB39W         AB39X
              ________      ________      ________      ________      ________
 AB39M          0.994
 AB39T          0.972         0.976
 AB39U          0.972         0.960         0.977
 AB39W          0.979         0.965         0.966         0.984
 AB39X          0.989         0.973         0.975         0.982         0.994


UNIVARIATE PROPORTIONS AND COUNTS FOR CATEGORICAL VARIABLES

    AB39M
      Category 1    0.387         1177.000
      Category 2    0.613         1865.000
    AB39T
      Category 1    0.596         1782.000
      Category 2    0.404         1206.000
    AB39U
      Category 1    0.508         1519.000
      Category 2    0.492         1473.000
    AB39W
      Category 1    0.596         1796.000
      Category 2    0.404         1216.000
    AB39X
      Category 1    0.539         1639.000
      Category 2    0.461         1404.000


RANDOM STARTS RESULTS RANKED FROM THE BEST TO THE WORST LOGLIKELIHOOD VALUES

Final stage loglikelihood values at local maxima, seeds, and initial stage start numbers:

           -8662.386  802682           419
           -8662.386  100874           108
           -8662.390  569131           26
           -8662.435  123985           248
           -8662.435  950604           172
           -8662.435  21132            351
           -8662.435  937588           293
           -8662.435  972430           491
           -8662.435  432148           30
           -8662.435  686482           215
           -8662.435  438144           271
           -8662.435  736574           414
           -8662.435  616917           261
           -8662.435  626891           32
           -8662.435  691234           250
           -8662.435  263221           447
           -8662.463  417035           149
           -8662.463  903420           5
           -8662.463  358488           264
           -8662.477  188498           258
           -8662.477  436460           89
           -8662.477  127215           9
           -8662.530  65651            214
           -8662.530  967902           52
           -8662.530  701525           239
           -8662.544  722748           346
           -8662.544  784664           75
           -8662.545  278692           342
           -8662.545  136842           58
           -8662.545  856536           144
           -8662.546  399671           13
           -8662.927  534864           307
           -8662.935  576220           115
           -8662.943  783165           170
           -8663.066  216565           474
           -8663.170  533738           11
           -8663.192  963053           43
           -8663.195  370466           41
           -8663.315  462953           7

61 perturbed starting value run(s) did not converge or were rejected in the third stage.



THE BEST LOGLIKELIHOOD VALUE HAS BEEN REPLICATED.  RERUN WITH AT LEAST TWICE THE
RANDOM STARTS TO CHECK THAT THE BEST LOGLIKELIHOOD IS STILL OBTAINED AND REPLICATED.

     IN THE OPTIMIZATION, ONE OR MORE LOGIT THRESHOLDS APPROACHED EXTREME VALUES
     OF -15.000 AND 15.000 AND WERE FIXED TO STABILIZE MODEL ESTIMATION.  THESE
     VALUES IMPLY PROBABILITIES OF 0 AND 1.  IN THE MODEL RESULTS SECTION, THESE
     PARAMETERS HAVE 0 STANDARD ERRORS AND 999 IN THE Z-SCORE AND P-VALUE COLUMNS.




THE MODEL ESTIMATION TERMINATED NORMALLY



MODEL FIT INFORMATION

Number of Free Parameters                       29

Loglikelihood

          H0 Value                       -8662.386
          H0 Scaling Correction Factor      0.9780
            for MLR

Information Criteria

          Akaike (AIC)                   17382.771
          Bayesian (BIC)                 17557.539
          Sample-Size Adjusted BIC       17465.395
            (n* = (n + 2) / 24)

Chi-Square Test of Model Fit for the Binary and Ordered Categorical
(Ordinal) Outcomes

          Pearson Chi-Square

          Value                              1.008
          Degrees of Freedom                     2
          P-Value                           0.6042

          Likelihood Ratio Chi-Square

          Value                              1.689
          Degrees of Freedom                     2
          P-Value                           0.4298

Chi-Square Test for MCAR under the Unrestricted Latent Class Indicator Model

          Pearson Chi-Square

          Value                            161.488
          Degrees of Freedom                   148
          P-Value                           0.2119

          Likelihood Ratio Chi-Square

          Value                            128.456
          Degrees of Freedom                   148
          P-Value                           0.8751



FINAL CLASS COUNTS AND PROPORTIONS FOR THE LATENT CLASSES
BASED ON THE ESTIMATED MODEL

    Latent
   Classes

       1        878.17536          0.28689
       2        896.06964          0.29274
       3        379.32622          0.12392
       4        324.68160          0.10607
       5        582.74718          0.19038


FINAL CLASS COUNTS AND PROPORTIONS FOR THE LATENT CLASSES
BASED ON ESTIMATED POSTERIOR PROBABILITIES

    Latent
   Classes

       1        878.17536          0.28689
       2        896.06964          0.29274
       3        379.32622          0.12392
       4        324.68160          0.10607
       5        582.74718          0.19038


FINAL CLASS COUNTS AND PROPORTIONS FOR THE LATENT CLASSES
BASED ON THEIR MOST LIKELY LATENT CLASS MEMBERSHIP

Class Counts and Proportions

    Latent
   Classes

       1              895          0.29239
       2              983          0.32114
       3              391          0.12774
       4              347          0.11336
       5              445          0.14538


CLASSIFICATION QUALITY

     Entropy                         0.743


Average Latent Class Probabilities for Most Likely Latent Class Membership (Row)
by Latent Class (Column)

           1        2        3        4        5

    1   0.929    0.001    0.020    0.006    0.044
    2   0.000    0.854    0.098    0.001    0.047
    3   0.057    0.135    0.580    0.137    0.090
    4   0.021    0.004    0.101    0.764    0.110
    5   0.038    0.002    0.007    0.000    0.952


Classification Probabilities for the Most Likely Latent Class Membership (Column)
by Latent Class (Row)

           1        2        3        4        5

    1   0.946    0.000    0.025    0.008    0.019
    2   0.001    0.937    0.059    0.001    0.001
    3   0.048    0.253    0.598    0.093    0.008
    4   0.017    0.002    0.165    0.816    0.000
    5   0.068    0.079    0.060    0.065    0.727


Logits for the Classification Probabilities for the Most Likely Latent Class Membership (Column)
by Latent Class (Row)

              1        2        3        4        5

    1      3.884   -3.921    0.266   -0.850    0.000
    2     -0.146    6.681    3.917    0.226    0.000
    3      1.785    3.452    4.312    2.448    0.000
    4      9.728    7.451   12.014   13.613    0.000
    5     -2.376   -2.215   -2.487   -2.409    0.000


MODEL RESULTS

                                                    Two-Tailed
                    Estimate       S.E.  Est./S.E.    P-Value

Latent Class 1

 Thresholds
    AB39M$1           -1.930      0.123    -15.735      0.000
    AB39T$1           -4.713     11.829     -0.398      0.690
    AB39U$1           -2.356      0.313     -7.518      0.000
    AB39W$1           -1.810      0.167    -10.867      0.000
    AB39X$1           -2.610      0.225    -11.602      0.000

Latent Class 2

 Thresholds
    AB39M$1            0.752      0.196      3.831      0.000
    AB39T$1            3.791      1.459      2.598      0.009
    AB39U$1           15.000      0.000    999.000    999.000
    AB39W$1            2.658      0.382      6.961      0.000
    AB39X$1            3.838      1.604      2.394      0.017

Latent Class 3

 Thresholds
    AB39M$1           -0.581      0.422     -1.375      0.169
    AB39T$1            0.440      0.654      0.673      0.501
    AB39U$1            5.890     19.838      0.297      0.767
    AB39W$1            0.792      0.799      0.991      0.322
    AB39X$1            0.049      2.114      0.023      0.982

Latent Class 4

 Thresholds
    AB39M$1           -0.920      0.387     -2.379      0.017
    AB39T$1           15.000      0.000    999.000    999.000
    AB39U$1           -0.482      0.821     -0.586      0.558
    AB39W$1           -0.277      0.575     -0.482      0.630
    AB39X$1          -15.000      0.000    999.000    999.000

Latent Class 5

 Thresholds
    AB39M$1           -0.387      0.104     -3.726      0.000
    AB39T$1            0.668      0.122      5.472      0.000
    AB39U$1           -1.860      7.939     -0.234      0.815
    AB39W$1            1.345      0.160      8.429      0.000
    AB39X$1            2.061      0.933      2.209      0.027

Categorical Latent Variables

 Means
    C#1                0.410      1.142      0.359      0.719
    C#2                0.430      1.248      0.345      0.730
    C#3               -0.429      2.302     -0.187      0.852
    C#4               -0.585      1.223     -0.478      0.633


QUALITY OF NUMERICAL RESULTS

     Condition Number for the Information Matrix              0.179E-08
       (ratio of smallest to largest eigenvalue)


RESULTS IN PROBABILITY SCALE

                                                    Two-Tailed
                    Estimate       S.E.  Est./S.E.    P-Value

Latent Class 1

 AB39M
    Category 1         0.127      0.014      9.338      0.000
    Category 2         0.873      0.014     64.313      0.000
 AB39T
    Category 1         0.009      0.104      0.085      0.932
    Category 2         0.991      0.104      9.504      0.000
 AB39U
    Category 1         0.087      0.025      3.494      0.000
    Category 2         0.913      0.025     36.848      0.000
 AB39W
    Category 1         0.141      0.020      6.988      0.000
    Category 2         0.859      0.020     42.689      0.000
 AB39X
    Category 1         0.069      0.014      4.773      0.000
    Category 2         0.931      0.014     64.889      0.000

Latent Class 2

 AB39M
    Category 1         0.680      0.043     15.898      0.000
    Category 2         0.320      0.043      7.494      0.000
 AB39T
    Category 1         0.978      0.032     31.035      0.000
    Category 2         0.022      0.032      0.701      0.483
 AB39U
    Category 1         1.000      0.000      0.000      1.000
    Category 2         0.000      0.000      0.000      1.000
 AB39W
    Category 1         0.934      0.023     39.979      0.000
    Category 2         0.066      0.023      2.803      0.005
 AB39X
    Category 1         0.979      0.033     29.592      0.000
    Category 2         0.021      0.033      0.637      0.524

Latent Class 3

 AB39M
    Category 1         0.359      0.097      3.692      0.000
    Category 2         0.641      0.097      6.599      0.000
 AB39T
    Category 1         0.608      0.156      3.906      0.000
    Category 2         0.392      0.156      2.516      0.012
 AB39U
    Category 1         0.997      0.055     18.272      0.000
    Category 2         0.003      0.055      0.051      0.960
 AB39W
    Category 1         0.688      0.172      4.013      0.000
    Category 2         0.312      0.172      1.818      0.069
 AB39X
    Category 1         0.512      0.528      0.970      0.332
    Category 2         0.488      0.528      0.924      0.356

Latent Class 4

 AB39M
    Category 1         0.285      0.079      3.615      0.000
    Category 2         0.715      0.079      9.073      0.000
 AB39T
    Category 1         1.000      0.000      0.000      1.000
    Category 2         0.000      0.000      0.000      1.000
 AB39U
    Category 1         0.382      0.194      1.970      0.049
    Category 2         0.618      0.194      3.189      0.001
 AB39W
    Category 1         0.431      0.141      3.058      0.002
    Category 2         0.569      0.141      4.035      0.000
 AB39X
    Category 1         0.000      0.000      0.000      1.000
    Category 2         1.000      0.000      0.000      1.000

Latent Class 5

 AB39M
    Category 1         0.404      0.025     16.141      0.000
    Category 2         0.596      0.025     23.780      0.000
 AB39T
    Category 1         0.661      0.027     24.171      0.000
    Category 2         0.339      0.027     12.394      0.000
 AB39U
    Category 1         0.135      0.925      0.146      0.884
    Category 2         0.865      0.925      0.935      0.350
 AB39W
    Category 1         0.793      0.026     30.320      0.000
    Category 2         0.207      0.026      7.903      0.000
 AB39X
    Category 1         0.887      0.093      9.489      0.000
    Category 2         0.113      0.093      1.208      0.227


LATENT CLASS INDICATOR ODDS RATIOS FOR THE LATENT CLASSES

                                                95% C.I.
                    Estimate       S.E.  Lower 2.5% Upper 2.5%

Latent Class 1 Compared to Latent Class 2

 AB39M
    Category > 1      14.611      3.552      9.073     23.531
 AB39T
    Category > 1    4934.089  60206.871      0.000  *********
 AB39U
    Category > 1   *********      0.000  *********  *********
 AB39W
    Category > 1      87.142     37.788     37.248    203.869
 AB39X
    Category > 1     631.552   1018.860     26.741  14915.796

Latent Class 1 Compared to Latent Class 3

 AB39M
    Category > 1       3.853      1.704      1.619      9.168
 AB39T
    Category > 1     173.035   2113.877      0.000  *********
 AB39U
    Category > 1    3812.016  75891.391      0.000  *********
 AB39W
    Category > 1      13.484     11.042      2.709     67.123
 AB39X
    Category > 1      14.274     30.412      0.219    929.305

Latent Class 1 Compared to Latent Class 4

 AB39M
    Category > 1       2.744      1.061      1.286      5.856
 AB39T
    Category > 1   *********      0.000  *********  *********
 AB39U
    Category > 1       6.515      5.151      1.383     30.686
 AB39W
    Category > 1       4.630      2.465      1.631     13.144
 AB39X
    Category > 1       0.000      0.000      0.000      0.000

Latent Class 1 Compared to Latent Class 5

 AB39M
    Category > 1       4.675      0.758      3.402      6.424
 AB39T
    Category > 1     217.318   2571.941      0.000  *********
 AB39U
    Category > 1       1.641     13.353      0.000  *********
 AB39W
    Category > 1      23.439      5.199     15.175     36.202
 AB39X
    Category > 1     106.796    102.093     16.399    695.485

Latent Class 2 Compared to Latent Class 3

 AB39M
    Category > 1       0.264      0.129      0.101      0.688
 AB39T
    Category > 1       0.035      0.051      0.002      0.595
 AB39U
    Category > 1       0.000      0.000      0.000      0.000
 AB39W
    Category > 1       0.155      0.146      0.024      0.981
 AB39X
    Category > 1       0.023      0.047      0.000      1.320

Latent Class 2 Compared to Latent Class 4

 AB39M
    Category > 1       0.188      0.095      0.070      0.504
 AB39T
    Category > 1   73827.180      0.000  73827.172  73827.172
 AB39U
    Category > 1       0.000      0.000      0.000      0.000
 AB39W
    Category > 1       0.053      0.044      0.010      0.270
 AB39X
    Category > 1       0.000      0.000      0.000      0.000

Latent Class 2 Compared to Latent Class 5

 AB39M
    Category > 1       0.320      0.068      0.211      0.484
 AB39T
    Category > 1       0.044      0.065      0.002      0.781
 AB39U
    Category > 1       0.000      0.000      0.000      0.000
 AB39W
    Category > 1       0.269      0.121      0.111      0.649
 AB39X
    Category > 1       0.169      0.313      0.004      6.401

Latent Class 3 Compared to Latent Class 4

 AB39M
    Category > 1       0.712      0.438      0.213      2.377
 AB39T
    Category > 1   *********      0.000  *********  *********
 AB39U
    Category > 1       0.002      0.035      0.000  *********
 AB39W
    Category > 1       0.343      0.342      0.049      2.423
 AB39X
    Category > 1       0.000      0.000      0.000      0.000

Latent Class 3 Compared to Latent Class 5

 AB39M
    Category > 1       1.213      0.549      0.500      2.943
 AB39T
    Category > 1       1.256      0.834      0.342      4.614
 AB39U
    Category > 1       0.000      0.008      0.000  *********
 AB39W
    Category > 1       1.738      1.368      0.372      8.130
 AB39X
    Category > 1       7.482     17.042      0.086    649.877

Latent Class 4 Compared to Latent Class 5

 AB39M
    Category > 1       1.704      0.676      0.783      3.709
 AB39T
    Category > 1       0.000      0.000      0.000      0.000
 AB39U
    Category > 1       0.252      2.110      0.000  *********
 AB39W
    Category > 1       5.062      2.743      1.750     14.643
 AB39X
    Category > 1   *********      0.000  *********  *********


RESIDUAL OUTPUT


     RESIDUAL OUTPUT IS NOT AVAILABLE FOR THIS MODEL.  ADDITIONAL OUTPUT FOR
     CATEGORICAL, COUNT, AND NOMINAL VARIABLES MAY BE AVAILABLE USING TECH10.


TECHNICAL 11 OUTPUT

     Random Starts Specifications for the k-1 Class Analysis Model
        Number of initial stage random starts                 500
        Number of final stage optimizations                   100



     VUONG-LO-MENDELL-RUBIN LIKELIHOOD RATIO TEST FOR 4 (H0) VERSUS 5 CLASSES

          H0 Loglikelihood Value                        -8664.090
          2 Times the Loglikelihood Difference              3.409
          Difference in the Number of Parameters                6
          Mean                                              5.701
          Standard Deviation                                4.464
          P-Value                                          0.6717

     LO-MENDELL-RUBIN ADJUSTED LRT TEST

          Value                                             3.340
          P-Value                                          0.6793


TECHNICAL 14 OUTPUT

     Random Starts Specifications for the k-1 Class Analysis Model
        Number of initial stage random starts                 500
        Number of final stage optimizations                   100

     Random Starts Specification for the k-1 Class Model for Generated Data
        Number of initial stage random starts                   0
        Number of final stage optimizations for the
           initial stage random starts                          0
     Random Starts Specification for the k Class Model for Generated Data
        Number of initial stage random starts                  40
        Number of final stage optimizations                     8
     Number of bootstrap draws requested                   Varies


     PARAMETRIC BOOTSTRAPPED LIKELIHOOD RATIO TEST FOR 4 (H0) VERSUS 5 CLASSES

          H0 Loglikelihood Value                        -8664.090
          2 Times the Loglikelihood Difference              3.409
          Difference in the Number of Parameters                6
          Approximate P-Value                              1.0000
          Successful Bootstrap Draws                            2


PLOT INFORMATION

The following plots are available:

  Histograms (sample values)
  Scatterplots (sample values)
  Sample proportions and estimated probabilities

     Beginning Time:  12:29:38
        Ending Time:  12:29:52
       Elapsed Time:  00:00:14



MUTHEN & MUTHEN
3463 Stoner Ave.
Los Angeles, CA  90066

Tel: (310) 391-9971
Fax: (310) 391-8971
Web: www.StatModel.com
Support: Support@StatModel.com

Copyright (c) 1998-2022 Muthen & Muthen
