Mplus VERSION 8.8
MUTHEN & MUTHEN
03/03/2023   8:46 PM

INPUT INSTRUCTIONS

  TITLE:
  Class-6_Time2
  DATA:
  FILE = "C:/Users/Dina Arch/Box/TA - ED 201/Labs/ucsb-mixture-lab7/enum_LCA_time2/t2.dat";

  VARIABLE:
  NAMES = casenum cohort female minority ab39m ab39t ab39u ab39w ab39x ga33a ga33h
       ga33i ga33k ga33l math_g7 math_g10 math_g12 op_know op_know2 siok siok2;
   MISSING=.;
   !!! NOTE CHANGE: List of the five 10th grade science attitude indicators !!!
  categorical = ga33a-ga33l;
       usevar = ga33a-ga33l;

  classes = c(6);
  ANALYSIS:
  estimator = mlr;
      type = mixture;
      starts = 500 100;
      processors=10;
  OUTPUT:
  sampstat residual tech11 tech14;
  PLOT:
  type = plot3;
      series = ga33a-ga33l(*);



*** WARNING in OUTPUT command
  SAMPSTAT option is not available when all outcomes are censored, ordered
  categorical, unordered categorical (nominal), count or continuous-time
  survival variables.  Request for SAMPSTAT is ignored.
*** WARNING
  Data set contains cases with missing on all variables.
  These cases were not included in the analysis.
  Number of cases with missing on all variables:  858
   2 WARNING(S) FOUND IN THE INPUT INSTRUCTIONS




Class-6_Time2

SUMMARY OF ANALYSIS

Number of groups                                                 1
Number of observations                                        2258

Number of dependent variables                                    5
Number of independent variables                                  0
Number of continuous latent variables                            0
Number of categorical latent variables                           1

Observed dependent variables

  Binary and ordered categorical (ordinal)
   GA33A       GA33H       GA33I       GA33K       GA33L

Categorical latent variables
   C


Estimator                                                      MLR
Information matrix                                        OBSERVED
Optimization Specifications for the Quasi-Newton Algorithm for
Continuous Outcomes
  Maximum number of iterations                                 100
  Convergence criterion                                  0.100D-05
Optimization Specifications for the EM Algorithm
  Maximum number of iterations                                 500
  Convergence criteria
    Loglikelihood change                                 0.100D-06
    Relative loglikelihood change                        0.100D-06
    Derivative                                           0.100D-05
Optimization Specifications for the M step of the EM Algorithm for
Categorical Latent variables
  Number of M step iterations                                    1
  M step convergence criterion                           0.100D-05
  Basis for M step termination                           ITERATION
Optimization Specifications for the M step of the EM Algorithm for
Censored, Binary or Ordered Categorical (Ordinal), Unordered
Categorical (Nominal) and Count Outcomes
  Number of M step iterations                                    1
  M step convergence criterion                           0.100D-05
  Basis for M step termination                           ITERATION
  Maximum value for logit thresholds                            15
  Minimum value for logit thresholds                           -15
  Minimum expected cell size for chi-square              0.100D-01
Maximum number of iterations for H1                           2000
Convergence criterion for H1                             0.100D-03
Optimization algorithm                                         EMA
Random Starts Specifications
  Number of initial stage random starts                        500
  Number of final stage optimizations                          100
  Number of initial stage iterations                            10
  Initial stage convergence criterion                    0.100D+01
  Random starts scale                                    0.500D+01
  Random seed for generating random starts                       0
Link                                                         LOGIT

Input data file(s)
  C:/Users/Dina Arch/Box/TA - ED 201/Labs/ucsb-mixture-lab7/enum_LCA_time2/t2.da
Input data format  FREE


SUMMARY OF DATA

     Number of missing data patterns            12
     Number of y missing data patterns           0
     Number of u missing data patterns          12


COVARIANCE COVERAGE OF DATA

Minimum covariance coverage value   0.100


     PROPORTION OF DATA PRESENT FOR U


           Covariance Coverage
              GA33A         GA33H         GA33I         GA33K         GA33L
              ________      ________      ________      ________      ________
 GA33A          0.996
 GA33H          0.987         0.990
 GA33I          0.987         0.981         0.989
 GA33K          0.988         0.982         0.981         0.991
 GA33L          0.993         0.987         0.987         0.988         0.996


UNIVARIATE PROPORTIONS AND COUNTS FOR CATEGORICAL VARIABLES

    GA33A
      Category 1    0.425          956.000
      Category 2    0.575         1294.000
    GA33H
      Category 1    0.572         1278.000
      Category 2    0.428          957.000
    GA33I
      Category 1    0.491         1097.000
      Category 2    0.509         1137.000
    GA33K
      Category 1    0.580         1297.000
      Category 2    0.420          941.000
    GA33L
      Category 1    0.584         1314.000
      Category 2    0.416          936.000


RANDOM STARTS RESULTS RANKED FROM THE BEST TO THE WORST LOGLIKELIHOOD VALUES

Final stage loglikelihood values at local maxima, seeds, and initial stage start numbers:

           -5961.256  282464           283
           -5961.256  21132            351
           -5961.256  59674            240
           -5961.256  80438            246
           -5961.257  407108           366
           -5961.257  691234           250
           -5961.257  667250           318
           -5961.259  533738           11
           -5961.261  782200           84
           -5961.266  188498           258
           -5961.268  399380           436
           -5961.269  576220           115
           -5961.270  514326           325
           -5961.272  107446           12
           -5961.279  335485           496
           -5961.285  645664           39
           -5961.289  636396           168
           -5961.290  407168           44
           -5961.309  576596           99
           -5961.316  856536           144
           -5961.333  283492           435
           -5961.417  127215           9
           -5961.497  963053           43
           -5961.636  370466           41
           -5961.669  626891           32
           -5962.159  195873           6
           -5962.664  260601           36

73 perturbed starting value run(s) did not converge or were rejected in the third stage.



THE BEST LOGLIKELIHOOD VALUE HAS BEEN REPLICATED.  RERUN WITH AT LEAST TWICE THE
RANDOM STARTS TO CHECK THAT THE BEST LOGLIKELIHOOD IS STILL OBTAINED AND REPLICATED.

     IN THE OPTIMIZATION, ONE OR MORE LOGIT THRESHOLDS APPROACHED EXTREME VALUES
     OF -15.000 AND 15.000 AND WERE FIXED TO STABILIZE MODEL ESTIMATION.  THESE
     VALUES IMPLY PROBABILITIES OF 0 AND 1.  IN THE MODEL RESULTS SECTION, THESE
     PARAMETERS HAVE 0 STANDARD ERRORS AND 999 IN THE Z-SCORE AND P-VALUE COLUMNS.

     THE STANDARD ERRORS OF THE MODEL PARAMETER ESTIMATES MAY NOT BE
     TRUSTWORTHY FOR SOME PARAMETERS DUE TO A NON-POSITIVE DEFINITE
     FIRST-ORDER DERIVATIVE PRODUCT MATRIX.  THIS MAY BE DUE TO THE STARTING
     VALUES BUT MAY ALSO BE AN INDICATION OF MODEL NONIDENTIFICATION.  THE
     CONDITION NUMBER IS      -0.228D-16.  PROBLEM INVOLVING THE FOLLOWING PARAMETER:
     Parameter 33, [ C#3 ]

     ONE OR MORE MULTINOMIAL LOGIT PARAMETERS WERE FIXED TO AVOID SINGULARITY
     OF THE INFORMATION MATRIX.  THE SINGULARITY IS MOST LIKELY BECAUSE THE
     MODEL IS NOT IDENTIFIED, OR BECAUSE OF EMPTY CELLS IN THE JOINT
     DISTRIBUTION OF THE CATEGORICAL LATENT VARIABLES AND ANY INDEPENDENT
     VARIABLES.  THE FOLLOWING PARAMETERS WERE FIXED:
     Parameter 34, [ C#4 ]
     Parameter 35, [ C#5 ]




THE MODEL ESTIMATION TERMINATED NORMALLY

     THE DEGREES OF FREEDOM FOR THIS MODEL ARE NEGATIVE.  THE MODEL IS NOT
     IDENTIFIED OR TOO MANY CELLS WERE DELETED.  A CHI-SQUARE TEST IS NOT
     AVAILABLE.



MODEL FIT INFORMATION

Number of Free Parameters                       35

Loglikelihood

          H0 Value                       -5961.256
          H0 Scaling Correction Factor      0.9154
            for MLR

Information Criteria

          Akaike (AIC)                   11992.513
          Bayesian (BIC)                 12192.791
          Sample-Size Adjusted BIC       12081.590
            (n* = (n + 2) / 24)



FINAL CLASS COUNTS AND PROPORTIONS FOR THE LATENT CLASSES
BASED ON THE ESTIMATED MODEL

    Latent
   Classes

       1         62.78388          0.02781
       2        130.72267          0.05789
       3        248.09428          0.10987
       4        236.64046          0.10480
       5        751.00733          0.33260
       6        828.75139          0.36703


FINAL CLASS COUNTS AND PROPORTIONS FOR THE LATENT CLASSES
BASED ON ESTIMATED POSTERIOR PROBABILITIES

    Latent
   Classes

       1         62.78388          0.02781
       2        130.72267          0.05789
       3        248.09428          0.10987
       4        236.64046          0.10480
       5        751.00733          0.33260
       6        828.75139          0.36703


FINAL CLASS COUNTS AND PROPORTIONS FOR THE LATENT CLASSES
BASED ON THEIR MOST LIKELY LATENT CLASS MEMBERSHIP

Class Counts and Proportions

    Latent
   Classes

       1               68          0.03012
       2              134          0.05934
       3              112          0.04960
       4              228          0.10097
       5              795          0.35208
       6              921          0.40788


CLASSIFICATION QUALITY

     Entropy                         0.703


Average Latent Class Probabilities for Most Likely Latent Class Membership (Row)
by Latent Class (Column)

           1        2        3        4        5        6

    1   0.634    0.002    0.071    0.170    0.111    0.013
    2   0.005    0.519    0.303    0.082    0.064    0.027
    3   0.007    0.011    0.769    0.134    0.068    0.010
    4   0.015    0.129    0.138    0.542    0.035    0.141
    5   0.016    0.018    0.032    0.029    0.904    0.000
    6   0.002    0.017    0.065    0.057    0.000    0.859


Classification Probabilities for the Most Likely Latent Class Membership (Column)
by Latent Class (Row)

           1        2        3        4        5        6

    1   0.687    0.011    0.013    0.055    0.203    0.032
    2   0.001    0.532    0.009    0.225    0.112    0.120
    3   0.019    0.164    0.347    0.127    0.103    0.240
    4   0.049    0.046    0.064    0.522    0.098    0.222
    5   0.010    0.011    0.010    0.011    0.957    0.000
    6   0.001    0.004    0.001    0.039    0.000    0.954


Logits for the Classification Probabilities for the Most Likely Latent Class Membership (Column)
by Latent Class (Row)

              1        2        3        4        5        6

    1      3.070   -1.084   -0.897    0.552    1.849    0.000
    2     -4.896    1.486   -2.557    0.627   -0.068    0.000
    3     -2.519   -0.383    0.369   -0.640   -0.845    0.000
    4     -1.512   -1.562   -1.248    0.857   -0.818    0.000
    5      3.212    3.341    3.223    3.275    7.767    0.000
    6     -6.811   -5.397   -6.528   -3.203  -10.176    0.000


MODEL RESULTS

                                                    Two-Tailed
                    Estimate       S.E.  Est./S.E.    P-Value

Latent Class 1

 Thresholds
    GA33A$1           -0.317      0.494     -0.641      0.522
    GA33H$1            2.324      3.126      0.744      0.457
    GA33I$1            1.086      1.142      0.952      0.341
    GA33K$1          -15.000      0.000    999.000    999.000
    GA33L$1           -2.132      7.434     -0.287      0.774

Latent Class 2

 Thresholds
    GA33A$1           -0.325      1.154     -0.282      0.778
    GA33H$1           -0.450      1.258     -0.358      0.721
    GA33I$1           -4.523    248.326     -0.018      0.985
    GA33K$1            0.883      1.345      0.656      0.512
    GA33L$1            3.967     69.387      0.057      0.954

Latent Class 3

 Thresholds
    GA33A$1            0.104      1.710      0.061      0.952
    GA33H$1           -0.403      2.670     -0.151      0.880
    GA33I$1            0.473      5.165      0.092      0.927
    GA33K$1            1.194      1.063      1.123      0.261
    GA33L$1            1.064      2.572      0.414      0.679

Latent Class 4

 Thresholds
    GA33A$1           -1.840      2.656     -0.693      0.489
    GA33H$1            1.711      3.413      0.501      0.616
    GA33I$1           -0.149      0.509     -0.293      0.769
    GA33K$1            1.075      1.025      1.048      0.294
    GA33L$1            0.293      0.718      0.408      0.683

Latent Class 5

 Thresholds
    GA33A$1           -2.150      0.161    -13.375      0.000
    GA33H$1           -2.527      0.378     -6.689      0.000
    GA33I$1           -2.683      0.307     -8.744      0.000
    GA33K$1           -2.271      0.348     -6.529      0.000
    GA33L$1           -2.641      0.460     -5.748      0.000

Latent Class 6

 Thresholds
    GA33A$1            1.198      0.189      6.341      0.000
    GA33H$1            6.675     36.147      0.185      0.853
    GA33I$1            2.248      0.310      7.253      0.000
    GA33K$1            2.765      0.391      7.070      0.000
    GA33L$1            3.974      0.819      4.855      0.000

Categorical Latent Variables

 Means
    C#1               -2.580      1.282     -2.012      0.044
    C#2               -1.847      1.079     -1.712      0.087
    C#3               -1.206      1.293     -0.933      0.351
    C#4               -1.253      0.000    999.000    999.000
    C#5               -0.099      0.000    999.000    999.000


QUALITY OF NUMERICAL RESULTS

     Condition Number for the Information Matrix              0.955E-08
       (ratio of smallest to largest eigenvalue)


RESULTS IN PROBABILITY SCALE

                                                    Two-Tailed
                    Estimate       S.E.  Est./S.E.    P-Value

Latent Class 1

 GA33A
    Category 1         0.421      0.120      3.498      0.000
    Category 2         0.579      0.120      4.802      0.000
 GA33H
    Category 1         0.911      0.254      3.589      0.000
    Category 2         0.089      0.254      0.351      0.725
 GA33I
    Category 1         0.748      0.215      3.472      0.001
    Category 2         0.252      0.215      1.172      0.241
 GA33K
    Category 1         0.000      0.000      0.000      1.000
    Category 2         1.000      0.000      0.000      1.000
 GA33L
    Category 1         0.106      0.704      0.150      0.880
    Category 2         0.894      0.704      1.269      0.204

Latent Class 2

 GA33A
    Category 1         0.419      0.281      1.492      0.136
    Category 2         0.581      0.281      2.066      0.039
 GA33H
    Category 1         0.389      0.299      1.302      0.193
    Category 2         0.611      0.299      2.041      0.041
 GA33I
    Category 1         0.011      2.637      0.004      0.997
    Category 2         0.989      2.637      0.375      0.708
 GA33K
    Category 1         0.707      0.278      2.540      0.011
    Category 2         0.293      0.278      1.051      0.293
 GA33L
    Category 1         0.981      1.265      0.776      0.438
    Category 2         0.019      1.265      0.015      0.988

Latent Class 3

 GA33A
    Category 1         0.526      0.426      1.233      0.217
    Category 2         0.474      0.426      1.112      0.266
 GA33H
    Category 1         0.401      0.641      0.625      0.532
    Category 2         0.599      0.641      0.935      0.350
 GA33I
    Category 1         0.616      1.222      0.504      0.614
    Category 2         0.384      1.222      0.314      0.753
 GA33K
    Category 1         0.767      0.190      4.045      0.000
    Category 2         0.233      0.190      1.226      0.220
 GA33L
    Category 1         0.743      0.491      1.515      0.130
    Category 2         0.257      0.491      0.523      0.601

Latent Class 4

 GA33A
    Category 1         0.137      0.314      0.436      0.663
    Category 2         0.863      0.314      2.746      0.006
 GA33H
    Category 1         0.847      0.443      1.914      0.056
    Category 2         0.153      0.443      0.346      0.729
 GA33I
    Category 1         0.463      0.127      3.653      0.000
    Category 2         0.537      0.127      4.242      0.000
 GA33K
    Category 1         0.746      0.195      3.833      0.000
    Category 2         0.254      0.195      1.308      0.191
 GA33L
    Category 1         0.573      0.176      3.261      0.001
    Category 2         0.427      0.176      2.433      0.015

Latent Class 5

 GA33A
    Category 1         0.104      0.015      6.947      0.000
    Category 2         0.896      0.015     59.615      0.000
 GA33H
    Category 1         0.074      0.026      2.858      0.004
    Category 2         0.926      0.026     35.776      0.000
 GA33I
    Category 1         0.064      0.018      3.482      0.000
    Category 2         0.936      0.018     50.934      0.000
 GA33K
    Category 1         0.094      0.029      3.172      0.002
    Category 2         0.906      0.029     30.727      0.000
 GA33L
    Category 1         0.067      0.029      2.331      0.020
    Category 2         0.933      0.029     32.712      0.000

Latent Class 6

 GA33A
    Category 1         0.768      0.034     22.833      0.000
    Category 2         0.232      0.034      6.892      0.000
 GA33H
    Category 1         0.999      0.045     21.954      0.000
    Category 2         0.001      0.045      0.028      0.978
 GA33I
    Category 1         0.904      0.027     33.770      0.000
    Category 2         0.096      0.027      3.568      0.000
 GA33K
    Category 1         0.941      0.022     43.166      0.000
    Category 2         0.059      0.022      2.717      0.007
 GA33L
    Category 1         0.982      0.015     66.202      0.000
    Category 2         0.018      0.015      1.245      0.213


LATENT CLASS INDICATOR ODDS RATIOS FOR THE LATENT CLASSES

                                                95% C.I.
                    Estimate       S.E.  Lower 2.5% Upper 2.5%

Latent Class 1 Compared to Latent Class 2

 GA33A
    Category > 1       0.991      1.141      0.104      9.468
 GA33H
    Category > 1       0.062      0.209      0.000     44.181
 GA33I
    Category > 1       0.004      0.911      0.000  *********
 GA33K
    Category > 1   *********      0.000  *********  *********
 GA33L
    Category > 1     445.505  30570.061      0.000  *********

Latent Class 1 Compared to Latent Class 3

 GA33A
    Category > 1       1.523      2.908      0.036     64.292
 GA33H
    Category > 1       0.065      0.316      0.000    840.584
 GA33I
    Category > 1       0.542      2.507      0.000   4715.231
 GA33K
    Category > 1   *********      0.000  *********  *********
 GA33L
    Category > 1      24.433    201.630      0.000  *********

Latent Class 1 Compared to Latent Class 4

 GA33A
    Category > 1       0.218      0.575      0.001     38.124
 GA33H
    Category > 1       0.542      1.745      0.001    299.463
 GA33I
    Category > 1       0.291      0.295      0.040      2.120
 GA33K
    Category > 1   *********      0.000  *********  *********
 GA33L
    Category > 1      11.307     87.561      0.000  *********

Latent Class 1 Compared to Latent Class 5

 GA33A
    Category > 1       0.160      0.084      0.057      0.447
 GA33H
    Category > 1       0.008      0.024      0.000      3.536
 GA33I
    Category > 1       0.023      0.026      0.003      0.209
 GA33K
    Category > 1   *********      0.000  *********  *********
 GA33L
    Category > 1       0.601      4.475      0.000  *********

Latent Class 1 Compared to Latent Class 6

 GA33A
    Category > 1       4.547      2.382      1.629     12.693
 GA33H
    Category > 1      77.577   2824.592      0.000  *********
 GA33I
    Category > 1       3.194      3.762      0.317     32.131
 GA33K
    Category > 1   *********      0.000  *********  *********
 GA33L
    Category > 1     448.658   3515.082      0.000  *********

Latent Class 2 Compared to Latent Class 3

 GA33A
    Category > 1       1.536      4.284      0.006    363.137
 GA33H
    Category > 1       1.048      3.721      0.001   1100.369
 GA33I
    Category > 1     147.909  37473.457      0.000  *********
 GA33K
    Category > 1       1.365      3.074      0.017    112.609
 GA33L
    Category > 1       0.055      3.941      0.000  *********

Latent Class 2 Compared to Latent Class 4

 GA33A
    Category > 1       0.220      0.492      0.003     17.693
 GA33H
    Category > 1       8.676     30.412      0.009   8360.423
 GA33I
    Category > 1      79.358  19729.639      0.000  *********
 GA33K
    Category > 1       1.212      2.457      0.023     64.413
 GA33L
    Category > 1       0.025      1.771      0.000  *********

Latent Class 2 Compared to Latent Class 5

 GA33A
    Category > 1       0.161      0.193      0.015      1.685
 GA33H
    Category > 1       0.125      0.152      0.012      1.357
 GA33I
    Category > 1       6.300   1564.604      0.000  *********
 GA33K
    Category > 1       0.043      0.063      0.002      0.765
 GA33L
    Category > 1       0.001      0.094      0.000  *********

Latent Class 2 Compared to Latent Class 6

 GA33A
    Category > 1       4.587      5.126      0.513     41.002
 GA33H
    Category > 1    1242.810  44391.055      0.000  *********
 GA33I
    Category > 1     872.242  *********      0.000  *********
 GA33K
    Category > 1       6.571      9.807      0.353    122.454
 GA33L
    Category > 1       1.007     69.691      0.000  *********

Latent Class 3 Compared to Latent Class 4

 GA33A
    Category > 1       0.143      0.586      0.000    433.300
 GA33H
    Category > 1       8.275     47.500      0.000  *********
 GA33I
    Category > 1       0.537      2.618      0.000   7629.644
 GA33K
    Category > 1       0.888      0.938      0.112      7.039
 GA33L
    Category > 1       0.463      1.096      0.004     47.936

Latent Class 3 Compared to Latent Class 5

 GA33A
    Category > 1       0.105      0.178      0.004      2.891
 GA33H
    Category > 1       0.119      0.338      0.000     30.742
 GA33I
    Category > 1       0.043      0.218      0.000    963.408
 GA33K
    Category > 1       0.031      0.032      0.004      0.229
 GA33L
    Category > 1       0.025      0.058      0.000      2.531

Latent Class 3 Compared to Latent Class 6

 GA33A
    Category > 1       2.986      5.309      0.092     97.405
 GA33H
    Category > 1    1185.396  44255.613      0.000  *********
 GA33I
    Category > 1       5.897     30.602      0.000  *********
 GA33K
    Category > 1       4.814      4.836      0.672     34.494
 GA33L
    Category > 1      18.363     53.384      0.062   5477.731

Latent Class 4 Compared to Latent Class 5

 GA33A
    Category > 1       0.733      1.947      0.004    133.292
 GA33H
    Category > 1       0.014      0.049      0.000     10.984
 GA33I
    Category > 1       0.079      0.042      0.028      0.225
 GA33K
    Category > 1       0.035      0.036      0.005      0.260
 GA33L
    Category > 1       0.053      0.042      0.011      0.251

Latent Class 4 Compared to Latent Class 6

 GA33A
    Category > 1      20.851     56.169      0.106   4094.493
 GA33H
    Category > 1     143.252   5112.604      0.000  *********
 GA33I
    Category > 1      10.991      6.449      3.480     34.711
 GA33K
    Category > 1       5.422      4.706      0.990     29.713
 GA33L
    Category > 1      39.681     41.386      5.138    306.466

Latent Class 5 Compared to Latent Class 6

 GA33A
    Category > 1      28.428      7.802     16.602     48.680
 GA33H
    Category > 1    9919.967  *********      0.000  *********
 GA33I
    Category > 1     138.459     64.881     55.264    346.894
 GA33K
    Category > 1     153.877     84.079     52.731    449.035
 GA33L
    Category > 1     746.497    774.286     97.752   5700.753


RESIDUAL OUTPUT


     RESIDUAL OUTPUT IS NOT AVAILABLE FOR THIS MODEL.  ADDITIONAL OUTPUT FOR
     CATEGORICAL, COUNT, AND NOMINAL VARIABLES MAY BE AVAILABLE USING TECH10.


TECHNICAL 11 OUTPUT

     Random Starts Specifications for the k-1 Class Analysis Model
        Number of initial stage random starts                 500
        Number of final stage optimizations                   100



     VUONG-LO-MENDELL-RUBIN LIKELIHOOD RATIO TEST FOR 5 (H0) VERSUS 6 CLASSES

          H0 Loglikelihood Value                        -5961.678
          2 Times the Loglikelihood Difference              0.843
          Difference in the Number of Parameters                6
          Mean                                              0.837
          Standard Deviation                                5.611
          P-Value                                          0.5711

     LO-MENDELL-RUBIN ADJUSTED LRT TEST

          Value                                             0.825
          P-Value                                          0.5729


TECHNICAL 14 OUTPUT

     Random Starts Specifications for the k-1 Class Analysis Model
        Number of initial stage random starts                 500
        Number of final stage optimizations                   100

     Random Starts Specification for the k-1 Class Model for Generated Data
        Number of initial stage random starts                   0
        Number of final stage optimizations for the
           initial stage random starts                          0
     Random Starts Specification for the k Class Model for Generated Data
        Number of initial stage random starts                  40
        Number of final stage optimizations                     8
     Number of bootstrap draws requested                   Varies


     PARAMETRIC BOOTSTRAPPED LIKELIHOOD RATIO TEST FOR 5 (H0) VERSUS 6 CLASSES

          H0 Loglikelihood Value                        -5961.678
          2 Times the Loglikelihood Difference              0.843
          Difference in the Number of Parameters                6
          Approximate P-Value                              1.0000
          Successful Bootstrap Draws                            2


PLOT INFORMATION

The following plots are available:

  Histograms (sample values)
  Scatterplots (sample values)
  Sample proportions and estimated probabilities

     Beginning Time:  20:46:00
        Ending Time:  20:46:19
       Elapsed Time:  00:00:19



MUTHEN & MUTHEN
3463 Stoner Ave.
Los Angeles, CA  90066

Tel: (310) 391-9971
Fax: (310) 391-8971
Web: www.StatModel.com
Support: Support@StatModel.com

Copyright (c) 1998-2022 Muthen & Muthen
