Mplus VERSION 8.10
MUTHEN & MUTHEN
11/20/2024   7:22 PM

INPUT INSTRUCTIONS

  TITLE:
  Invariant LTA
  DATA:
  FILE = "C:/Users/dinan/Box/TA - ED 201/Labs/ucsb-mixture-lab7/LTA_models/
  lta.dat";
  VARIABLE:
  NAMES = casenum cohort female minority ab39m ab39t ab39u ab39w ab39x ga33a ga33h
       ga33i ga33k ga33l math_g7 math_g10 math_g12 op_know op_know2 siok siok2;
   MISSING=.;
   usev = ab39m ab39t ab39u ab39w ab39x  ! 7th grade indicators
               ga33a ga33h ga33i ga33k ga33l; ! 10th grade indicators

        categorical = ab39m-ab39x ga33a-ga33l;

        classes = c1(4) c2(4);
  ANALYSIS:
  estimator = mlr;
        type = mixture;
        starts = 500 100;
        processors=10;
  MODEL:
  %overall%
        c2 on c1;

        MODEL c1:
        %c1#1%
        [AB39M$1-AB39X$1] (1-5);  !!! labels that are repeated will constrain parameters to
        %c1#2%
        [AB39M$1-AB39X$1] (6-10);
        %c1#3%
        [AB39M$1-AB39X$1] (11-15);
        %c1#4%
        [AB39M$1-AB39X$1] (16-20);

        MODEL c2:
        %c2#1%
        [GA33A$1-GA33L$1] (1-5);
        %c2#2%
        [GA33A$1-GA33L$1] (6-10);
        %c2#3%
        [GA33A$1-GA33L$1] (11-15);
        %c2#4%
        [GA33A$1-GA33L$1] (16-20);
  OUTPUT:
  tech1 tech15 svalues;
  SAVEDATA:
  file = LTA_Inv_CPROBS.dat;
      save = cprob;
      missflag = 9999;



*** WARNING
  Input line exceeded 90 characters. Some input may be truncated.
        [AB39M$1-AB39X$1] (1-5);  !!! labels that are repeated will constrain parameters to e
*** WARNING
  Data set contains cases with missing on all variables.
  These cases were not included in the analysis.
  Number of cases with missing on all variables:  24
   2 WARNING(S) FOUND IN THE INPUT INSTRUCTIONS




Invariant LTA

SUMMARY OF ANALYSIS

Number of groups                                                 1
Number of observations                                        3092

Number of dependent variables                                   10
Number of independent variables                                  0
Number of continuous latent variables                            0
Number of categorical latent variables                           2

Observed dependent variables

  Binary and ordered categorical (ordinal)
   AB39M       AB39T       AB39U       AB39W       AB39X       GA33A
   GA33H       GA33I       GA33K       GA33L

Categorical latent variables
   C1          C2


Estimator                                                      MLR
Information matrix                                        OBSERVED
Optimization Specifications for the Quasi-Newton Algorithm for
Continuous Outcomes
  Maximum number of iterations                                 100
  Convergence criterion                                  0.100D-05
Optimization Specifications for the EM Algorithm
  Maximum number of iterations                                 500
  Convergence criteria
    Loglikelihood change                                 0.100D-03
    Relative loglikelihood change                        0.100D-05
    Derivative                                           0.100D-03
Optimization Specifications for the M step of the EM Algorithm for
Categorical Latent variables
  Number of M step iterations                                    1
  M step convergence criterion                           0.100D-03
  Basis for M step termination                           ITERATION
Optimization Specifications for the M step of the EM Algorithm for
Censored, Binary or Ordered Categorical (Ordinal), Unordered
Categorical (Nominal) and Count Outcomes
  Number of M step iterations                                    1
  M step convergence criterion                           0.100D-03
  Basis for M step termination                           ITERATION
  Maximum value for logit thresholds                            15
  Minimum value for logit thresholds                           -15
  Minimum expected cell size for chi-square              0.100D-01
Maximum number of iterations for H1                           2000
Convergence criterion for H1                             0.100D-03
Optimization algorithm                                         EMA
Random Starts Specifications
  Number of initial stage random starts                        500
  Number of final stage optimizations                          100
  Number of initial stage iterations                            10
  Initial stage convergence criterion                    0.100D+01
  Random starts scale                                    0.500D+01
  Random seed for generating random starts                       0
Parameterization                                             LOGIT
Link                                                         LOGIT

Input data file(s)
  C:/Users/dinan/Box/TA - ED 201/Labs/ucsb-mixture-lab7/LTA_models/lta.dat
Input data format  FREE


SUMMARY OF DATA

     Number of missing data patterns            47
     Number of y missing data patterns           0
     Number of u missing data patterns          47


COVARIANCE COVERAGE OF DATA

Minimum covariance coverage value   0.100


     PROPORTION OF DATA PRESENT FOR U


           Covariance Coverage
              AB39M         AB39T         AB39U         AB39W         AB39X
              ________      ________      ________      ________      ________
 AB39M          0.984
 AB39T          0.962         0.966
 AB39U          0.962         0.951         0.968
 AB39W          0.969         0.955         0.956         0.974
 AB39X          0.979         0.963         0.965         0.972         0.984
 GA33A          0.714         0.700         0.701         0.707         0.714
 GA33H          0.710         0.695         0.697         0.702         0.710
 GA33I          0.709         0.694         0.696         0.701         0.709
 GA33K          0.710         0.696         0.698         0.703         0.710
 GA33L          0.714         0.700         0.701         0.707         0.714


           Covariance Coverage
              GA33A         GA33H         GA33I         GA33K         GA33L
              ________      ________      ________      ________      ________
 GA33A          0.728
 GA33H          0.721         0.723
 GA33I          0.721         0.716         0.723
 GA33K          0.722         0.717         0.717         0.724
 GA33L          0.725         0.721         0.721         0.722         0.728


UNIVARIATE PROPORTIONS AND COUNTS FOR CATEGORICAL VARIABLES

    AB39M
      Category 1    0.387         1177.000
      Category 2    0.613         1865.000
    AB39T
      Category 1    0.596         1782.000
      Category 2    0.404         1206.000
    AB39U
      Category 1    0.508         1519.000
      Category 2    0.492         1473.000
    AB39W
      Category 1    0.596         1796.000
      Category 2    0.404         1216.000
    AB39X
      Category 1    0.539         1639.000
      Category 2    0.461         1404.000
    GA33A
      Category 1    0.425          956.000
      Category 2    0.575         1294.000
    GA33H
      Category 1    0.572         1278.000
      Category 2    0.428          957.000
    GA33I
      Category 1    0.491         1097.000
      Category 2    0.509         1137.000
    GA33K
      Category 1    0.580         1297.000
      Category 2    0.420          941.000
    GA33L
      Category 1    0.584         1314.000
      Category 2    0.416          936.000


RANDOM STARTS RESULTS RANKED FROM THE BEST TO THE WORST LOGLIKELIHOOD VALUES

Final stage loglikelihood values at local maxima, seeds, and initial stage start numbers:

          -14542.768  544048           87
          -14542.768  263221           447
          -14542.768  850840           232
          -14542.768  715561           125
          -14542.768  263268           165
          -14542.768  637095           207
          -14542.768  416463           467
          -14542.768  923437           398
          -14542.768  21132            351
          -14542.768  636396           168
          -14542.768  137305           379
          -14542.768  278692           342
          -14542.768  15715            274
          -14542.768  521575           313
          -14542.768  436460           89
          -14542.768  568405           233
          -14542.768  813779           92
          -14542.769  691234           250
          -14542.769  539751           459
          -14542.769  49221            254
          -14542.769  267983           228
          -14542.770  617243           237
          -14542.772  965994           396
          -14542.772  567165           319
          -14542.772  82357            339
          -14542.772  569833           85
          -14542.773  375590           438
          -14542.773  857799           315
          -14542.774  514326           325
          -14542.774  197223           332
          -14542.774  173191           422
          -14542.774  268896           124
          -14542.774  259507           53
          -14542.774  479273           156
          -14542.774  440841           118
          -14542.775  853195           431
          -14542.775  748692           204
          -14542.775  292884           103

62 perturbed starting value run(s) did not converge or were rejected in the third stage.



THE BEST LOGLIKELIHOOD VALUE HAS BEEN REPLICATED.  RERUN WITH AT LEAST TWICE THE
RANDOM STARTS TO CHECK THAT THE BEST LOGLIKELIHOOD IS STILL OBTAINED AND REPLICATED.

     THE STANDARD ERRORS OF THE MODEL PARAMETER ESTIMATES MAY NOT BE
     TRUSTWORTHY FOR SOME PARAMETERS DUE TO A NON-POSITIVE DEFINITE
     FIRST-ORDER DERIVATIVE PRODUCT MATRIX.  THIS MAY BE DUE TO THE STARTING
     VALUES BUT MAY ALSO BE AN INDICATION OF MODEL NONIDENTIFICATION.  THE
     CONDITION NUMBER IS       0.218D-13.  PROBLEM INVOLVING THE FOLLOWING PARAMETER:
     Parameter 5, %C1#1.C2#1%: [ AB39X$1 ] (equality/label)


THE MODEL ESTIMATION TERMINATED NORMALLY



MODEL FIT INFORMATION

Number of Free Parameters                       35

Loglikelihood

          H0 Value                      -14542.768
          H0 Scaling Correction Factor      1.0529
            for MLR

Information Criteria

          Akaike (AIC)                   29155.536
          Bayesian (BIC)                 29366.816
          Sample-Size Adjusted BIC       29255.607
            (n* = (n + 2) / 24)

Chi-Square Test of Model Fit for the Binary and Ordered Categorical
(Ordinal) Outcomes**

          Pearson Chi-Square

          Value                           1202.519
          Degrees of Freedom                   965
          P-Value                           0.0000

          Likelihood Ratio Chi-Square

          Value                            981.035
          Degrees of Freedom                   965
          P-Value                           0.3527

** Of the 10056 cells in the latent class indicator table, 23
   were deleted in the calculation of chi-square due to extreme values.

Chi-Square Test for MCAR under the Unrestricted Latent Class Indicator Model

          Pearson Chi-Square

          Value                           2783.502
          Degrees of Freedom                  8986
          P-Value                           1.0000

          Likelihood Ratio Chi-Square

          Value                            867.877
          Degrees of Freedom                  8986
          P-Value                           1.0000



FINAL CLASS COUNTS AND PROPORTIONS FOR EACH LATENT CLASS VARIABLE
BASED ON THE ESTIMATED MODEL

  Latent Class
    Variable    Class

    C1             1       440.68161          0.14252
                   2       834.20697          0.26980
                   3       897.36548          0.29022
                   4       919.74597          0.29746
    C2             1       504.78949          0.16326
                   2      1022.17365          0.33059
                   3      1081.48914          0.34977
                   4       483.54773          0.15639


CLASSIFICATION QUALITY

     Entropy                         0.592


LATENT CLASS INDICATOR MEANS AND PROBABILITIES FOR EACH LATENT CLASS

     MEAN/PROBABILITY PROFILES FOR C1
                       Latent class
                     1      2      3      4
     AB39M
       Category 1  0.426  0.109  0.724  0.328
       Category 2  0.574  0.891  0.276  0.672
     AB39T
       Category 1  0.598  0.072  0.977  0.696
       Category 2  0.402  0.928  0.023  0.304
     AB39U
       Category 1  0.287  0.056  0.964  0.571
       Category 2  0.713  0.944  0.036  0.429
     AB39W
       Category 1  0.828  0.101  0.944  0.572
       Category 2  0.172  0.899  0.056  0.428
     AB39X
       Category 1  1.000  0.072  0.987  0.310
       Category 2  0.000  0.928  0.013  0.690

     MEAN/PROBABILITY PROFILES FOR C2
                       Latent class
                     1      2      3      4
     GA33A
       Category 1  0.426  0.109  0.724  0.328
       Category 2  0.574  0.891  0.276  0.672
     GA33H
       Category 1  0.598  0.072  0.977  0.696
       Category 2  0.402  0.928  0.023  0.304
     GA33I
       Category 1  0.287  0.056  0.964  0.571
       Category 2  0.713  0.944  0.036  0.429
     GA33K
       Category 1  0.828  0.101  0.944  0.572
       Category 2  0.172  0.899  0.056  0.428
     GA33L
       Category 1  1.000  0.072  0.987  0.310
       Category 2  0.000  0.928  0.013  0.690


LATENT TRANSITION PROBABILITIES BASED ON THE ESTIMATED MODEL

  C1 Classes (Rows) by C2 Classes (Columns)

            1        2        3        4

   1     0.301    0.265    0.355    0.080
   2     0.116    0.524    0.215    0.145
   3     0.156    0.194    0.559    0.091
   4     0.148    0.320    0.266    0.267


TRANSITION PROBABILITY ODDS

     TRANSITION TABLE ODDS AND 95% CONFIDENCE INTERVALS FOR C1 TO C2
        1.000(1.000,1.000)   0.881(0.520,1.494)   1.179(0.694,2.004)   0.265(0.034,2.071)
        0.221(0.101,0.487)   1.000(1.000,1.000)   0.410(0.303,0.555)   0.277(0.165,0.466)
        0.278(0.117,0.659)   0.348(0.263,0.459)   1.000(1.000,1.000)   0.163(0.085,0.311)
        0.554(0.160,1.923)   1.198(0.752,1.907)   0.996(0.648,1.531)   1.000(1.000,1.000)


C-SPECIFIC CLASSIFICATION RESULTS

Classification Quality for C1

     Entropy                         0.639

Average Latent Class Probabilities for Most Likely Latent Class Membership (Row)
by Latent Class (Column)

           1        2        3        4

    1   0.661    0.022    0.090    0.227
    2   0.019    0.847    0.002    0.132
    3   0.080    0.002    0.824    0.093
    4   0.046    0.103    0.040    0.811


Classification Probabilities for the Most Likely Latent Class Membership (Column)
by Latent Class (Row)

           1        2        3        4

    1   0.702    0.037    0.182    0.079
    2   0.012    0.892    0.003    0.092
    3   0.047    0.002    0.918    0.033
    4   0.115    0.126    0.101    0.657


Logits for the Classification Probabilities for the Most Likely Latent Class Membership (Column)
by Latent Class (Row)

              1        2        3        4

    1      2.190   -0.741    0.840    0.000
    2     -2.019    2.267   -3.437    0.000
    3      0.355   -2.643    3.328    0.000
    4     -1.739   -1.651   -1.875    0.000

Classification Quality for C2

     Entropy                         0.537

Average Latent Class Probabilities for Most Likely Latent Class Membership (Row)
by Latent Class (Column)

           1        2        3        4

    1   0.725    0.032    0.107    0.135
    2   0.057    0.739    0.082    0.122
    3   0.115    0.081    0.734    0.070
    4   0.038    0.095    0.060    0.807


Classification Probabilities for the Most Likely Latent Class Membership (Column)
by Latent Class (Row)

           1        2        3        4

    1   0.558    0.136    0.288    0.018
    2   0.012    0.865    0.100    0.023
    3   0.038    0.091    0.857    0.014
    4   0.109    0.302    0.182    0.407


Logits for the Classification Probabilities for the Most Likely Latent Class Membership (Column)
by Latent Class (Row)

              1        2        3        4

    1      3.426    2.015    2.766    0.000
    2     -0.613    3.640    1.483    0.000
    3      1.034    1.894    4.141    0.000
    4     -1.322   -0.298   -0.804    0.000


MODEL RESULTS

                                                    Two-Tailed
                    Estimate       S.E.  Est./S.E.    P-Value

Parameters for Class-specific Model Parts of C1

Latent Class C1#1

 Thresholds
    AB39M$1           -0.298      0.158     -1.885      0.059
    AB39T$1            0.397      0.239      1.666      0.096
    AB39U$1           -0.908      0.781     -1.162      0.245
    AB39W$1            1.572      0.291      5.404      0.000
    AB39X$1           14.983      1.419     10.558      0.000

Latent Class C1#2

 Thresholds
    AB39M$1           -2.101      0.108    -19.444      0.000
    AB39T$1           -2.553      0.266     -9.588      0.000
    AB39U$1           -2.824      0.223    -12.652      0.000
    AB39W$1           -2.186      0.144    -15.195      0.000
    AB39X$1           -2.561      0.186    -13.797      0.000

Latent Class C1#3

 Thresholds
    AB39M$1            0.964      0.097      9.915      0.000
    AB39T$1            3.758      1.015      3.701      0.000
    AB39U$1            3.291      0.878      3.749      0.000
    AB39W$1            2.828      0.175     16.117      0.000
    AB39X$1            4.328      0.770      5.620      0.000

Latent Class C1#4

 Thresholds
    AB39M$1           -0.718      0.101     -7.093      0.000
    AB39T$1            0.830      0.147      5.636      0.000
    AB39U$1            0.287      0.146      1.965      0.049
    AB39W$1            0.289      0.174      1.664      0.096
    AB39X$1           -0.802      0.563     -1.424      0.154

Parameters for Class-specific Model Parts of C2

Latent Class C2#1

 Thresholds
    GA33A$1           -0.298      0.158     -1.885      0.059
    GA33H$1            0.397      0.239      1.666      0.096
    GA33I$1           -0.908      0.781     -1.162      0.245
    GA33K$1            1.572      0.291      5.404      0.000
    GA33L$1           14.983      1.419     10.558      0.000

Latent Class C2#2

 Thresholds
    GA33A$1           -2.101      0.108    -19.444      0.000
    GA33H$1           -2.553      0.266     -9.588      0.000
    GA33I$1           -2.824      0.223    -12.652      0.000
    GA33K$1           -2.186      0.144    -15.195      0.000
    GA33L$1           -2.561      0.186    -13.797      0.000

Latent Class C2#3

 Thresholds
    GA33A$1            0.964      0.097      9.915      0.000
    GA33H$1            3.758      1.015      3.701      0.000
    GA33I$1            3.291      0.878      3.749      0.000
    GA33K$1            2.828      0.175     16.117      0.000
    GA33L$1            4.328      0.770      5.620      0.000

Latent Class C2#4

 Thresholds
    GA33A$1           -0.718      0.101     -7.093      0.000
    GA33H$1            0.830      0.147      5.636      0.000
    GA33I$1            0.287      0.146      1.965      0.049
    GA33K$1            0.289      0.174      1.664      0.096
    GA33L$1           -0.802      0.563     -1.424      0.154

Categorical Latent Variables

 C2#1     ON
    C1#1               1.917      1.593      1.203      0.229
    C1#2               0.364      0.462      0.789      0.430
    C1#3               1.125      0.467      2.410      0.016

 C2#2     ON
    C1#1               1.020      1.170      0.872      0.383
    C1#2               1.102      0.300      3.669      0.000
    C1#3               0.578      0.395      1.462      0.144

 C2#3     ON
    C1#1               1.496      1.179      1.268      0.205
    C1#2               0.395      0.326      1.212      0.226
    C1#3               1.819      0.389      4.677      0.000

 Means
    C1#1              -0.736      0.580     -1.267      0.205
    C1#2              -0.098      0.154     -0.636      0.525
    C1#3              -0.025      0.147     -0.168      0.867
    C2#1              -0.590      0.635     -0.930      0.352
    C2#2               0.180      0.237      0.759      0.448
    C2#3              -0.004      0.220     -0.019      0.985


QUALITY OF NUMERICAL RESULTS

     Condition Number for the Information Matrix              0.218E-13
       (ratio of smallest to largest eigenvalue)


RESULTS IN PROBABILITY SCALE

                                                    Two-Tailed
                    Estimate       S.E.  Est./S.E.    P-Value

Results for Class-specific Model Parts of C1

Latent Class C1#1

 AB39M
    Category 1         0.426      0.039     11.006      0.000
    Category 2         0.574      0.039     14.832      0.000
 AB39T
    Category 1         0.598      0.057     10.430      0.000
    Category 2         0.402      0.057      7.010      0.000
 AB39U
    Category 1         0.287      0.160      1.796      0.072
    Category 2         0.713      0.160      4.453      0.000
 AB39W
    Category 1         0.828      0.041     19.993      0.000
    Category 2         0.172      0.041      4.152      0.000
 AB39X
    Category 1         1.000      0.000  *********      0.000
    Category 2         0.000      0.000      0.705      0.481

Latent Class C1#2

 AB39M
    Category 1         0.109      0.010     10.388      0.000
    Category 2         0.891      0.010     84.900      0.000
 AB39T
    Category 1         0.072      0.018      4.047      0.000
    Category 2         0.928      0.018     52.006      0.000
 AB39U
    Category 1         0.056      0.012      4.746      0.000
    Category 2         0.944      0.012     79.951      0.000
 AB39W
    Category 1         0.101      0.013      7.734      0.000
    Category 2         0.899      0.013     68.800      0.000
 AB39X
    Category 1         0.072      0.012      5.803      0.000
    Category 2         0.928      0.012     75.148      0.000

Latent Class C1#3

 AB39M
    Category 1         0.724      0.019     37.255      0.000
    Category 2         0.276      0.019     14.209      0.000
 AB39T
    Category 1         0.977      0.023     43.185      0.000
    Category 2         0.023      0.023      1.008      0.314
 AB39U
    Category 1         0.964      0.030     31.737      0.000
    Category 2         0.036      0.030      1.182      0.237
 AB39W
    Category 1         0.944      0.009    102.051      0.000
    Category 2         0.056      0.009      6.037      0.000
 AB39X
    Category 1         0.987      0.010     99.740      0.000
    Category 2         0.013      0.010      1.316      0.188

Latent Class C1#4

 AB39M
    Category 1         0.328      0.022     14.686      0.000
    Category 2         0.672      0.022     30.124      0.000
 AB39T
    Category 1         0.696      0.031     22.362      0.000
    Category 2         0.304      0.031      9.750      0.000
 AB39U
    Category 1         0.571      0.036     15.976      0.000
    Category 2         0.429      0.036     11.992      0.000
 AB39W
    Category 1         0.572      0.043     13.441      0.000
    Category 2         0.428      0.043     10.067      0.000
 AB39X
    Category 1         0.310      0.120      2.573      0.010
    Category 2         0.690      0.120      5.736      0.000

Results for Class-specific Model Parts of C2

Latent Class C2#1

 GA33A
    Category 1         0.426      0.039     11.006      0.000
    Category 2         0.574      0.039     14.832      0.000
 GA33H
    Category 1         0.598      0.057     10.430      0.000
    Category 2         0.402      0.057      7.010      0.000
 GA33I
    Category 1         0.287      0.160      1.796      0.072
    Category 2         0.713      0.160      4.453      0.000
 GA33K
    Category 1         0.828      0.041     19.993      0.000
    Category 2         0.172      0.041      4.152      0.000
 GA33L
    Category 1         1.000      0.000  *********      0.000
    Category 2         0.000      0.000      0.705      0.481

Latent Class C2#2

 GA33A
    Category 1         0.109      0.010     10.388      0.000
    Category 2         0.891      0.010     84.900      0.000
 GA33H
    Category 1         0.072      0.018      4.047      0.000
    Category 2         0.928      0.018     52.006      0.000
 GA33I
    Category 1         0.056      0.012      4.746      0.000
    Category 2         0.944      0.012     79.951      0.000
 GA33K
    Category 1         0.101      0.013      7.734      0.000
    Category 2         0.899      0.013     68.800      0.000
 GA33L
    Category 1         0.072      0.012      5.803      0.000
    Category 2         0.928      0.012     75.148      0.000

Latent Class C2#3

 GA33A
    Category 1         0.724      0.019     37.255      0.000
    Category 2         0.276      0.019     14.209      0.000
 GA33H
    Category 1         0.977      0.023     43.185      0.000
    Category 2         0.023      0.023      1.008      0.314
 GA33I
    Category 1         0.964      0.030     31.737      0.000
    Category 2         0.036      0.030      1.182      0.237
 GA33K
    Category 1         0.944      0.009    102.051      0.000
    Category 2         0.056      0.009      6.037      0.000
 GA33L
    Category 1         0.987      0.010     99.740      0.000
    Category 2         0.013      0.010      1.316      0.188

Latent Class C2#4

 GA33A
    Category 1         0.328      0.022     14.686      0.000
    Category 2         0.672      0.022     30.124      0.000
 GA33H
    Category 1         0.696      0.031     22.362      0.000
    Category 2         0.304      0.031      9.750      0.000
 GA33I
    Category 1         0.571      0.036     15.976      0.000
    Category 2         0.429      0.036     11.992      0.000
 GA33K
    Category 1         0.572      0.043     13.441      0.000
    Category 2         0.428      0.043     10.067      0.000
 GA33L
    Category 1         0.310      0.120      2.573      0.010
    Category 2         0.690      0.120      5.736      0.000


MODEL COMMAND WITH FINAL ESTIMATES USED AS STARTING VALUES

     %OVERALL%

     c2#1 ON c1#1*1.91660;
     c2#1 ON c1#2*0.36406;
     c2#1 ON c1#3*1.12547;
     c2#2 ON c1#1*1.01993;
     c2#2 ON c1#2*1.10188;
     c2#2 ON c1#3*0.57806;
     c2#3 ON c1#1*1.49558;
     c2#3 ON c1#2*0.39487;
     c2#3 ON c1#3*1.81879;

     [ c1#1*-0.73577 ];
     [ c1#2*-0.09762 ];
     [ c1#3*-0.02463 ];
     [ c2#1*-0.59016 ];
     [ c2#2*0.18031 ];
     [ c2#3*-0.00417 ];


  MODEL C1:

     %C1#1%

     [ ab39m$1*-0.29835 ] (1);
     [ ab39t$1*0.39728 ] (2);
     [ ab39u$1*-0.90777 ] (3);
     [ ab39w$1*1.57173 ] (4);
     [ ab39x$1*14.98345 ] (5);

     %C1#2%

     [ ab39m$1*-2.10083 ] (6);
     [ ab39t$1*-2.55338 ] (7);
     [ ab39u$1*-2.82418 ] (8);
     [ ab39w$1*-2.18553 ] (9);
     [ ab39x$1*-2.56102 ] (10);

     %C1#3%

     [ ab39m$1*0.96395 ] (11);
     [ ab39t$1*3.75773 ] (12);
     [ ab39u$1*3.29062 ] (13);
     [ ab39w$1*2.82757 ] (14);
     [ ab39x$1*4.32823 ] (15);

     %C1#4%

     [ ab39m$1*-0.71842 ] (16);
     [ ab39t$1*0.83010 ] (17);
     [ ab39u$1*0.28688 ] (18);
     [ ab39w$1*0.28905 ] (19);
     [ ab39x$1*-0.80168 ] (20);

  MODEL C2:

     %C2#1%

     [ ga33a$1*-0.29835 ] (1);
     [ ga33h$1*0.39728 ] (2);
     [ ga33i$1*-0.90777 ] (3);
     [ ga33k$1*1.57173 ] (4);
     [ ga33l$1*14.98345 ] (5);

     %C2#2%

     [ ga33a$1*-2.10083 ] (6);
     [ ga33h$1*-2.55338 ] (7);
     [ ga33i$1*-2.82418 ] (8);
     [ ga33k$1*-2.18553 ] (9);
     [ ga33l$1*-2.56102 ] (10);

     %C2#3%

     [ ga33a$1*0.96395 ] (11);
     [ ga33h$1*3.75773 ] (12);
     [ ga33i$1*3.29062 ] (13);
     [ ga33k$1*2.82757 ] (14);
     [ ga33l$1*4.32823 ] (15);

     %C2#4%

     [ ga33a$1*-0.71842 ] (16);
     [ ga33h$1*0.83010 ] (17);
     [ ga33i$1*0.28688 ] (18);
     [ ga33k$1*0.28905 ] (19);
     [ ga33l$1*-0.80168 ] (20);



TECHNICAL 1 OUTPUT


     PARAMETER SPECIFICATION FOR LATENT CLASS PATTERN 1 1


     PARAMETER SPECIFICATION FOR LATENT CLASS PATTERN 1 2


     PARAMETER SPECIFICATION FOR LATENT CLASS PATTERN 1 3


     PARAMETER SPECIFICATION FOR LATENT CLASS PATTERN 1 4


     PARAMETER SPECIFICATION FOR LATENT CLASS PATTERN 2 1


     PARAMETER SPECIFICATION FOR LATENT CLASS PATTERN 2 2


     PARAMETER SPECIFICATION FOR LATENT CLASS PATTERN 2 3


     PARAMETER SPECIFICATION FOR LATENT CLASS PATTERN 2 4


     PARAMETER SPECIFICATION FOR LATENT CLASS PATTERN 3 1


     PARAMETER SPECIFICATION FOR LATENT CLASS PATTERN 3 2


     PARAMETER SPECIFICATION FOR LATENT CLASS PATTERN 3 3


     PARAMETER SPECIFICATION FOR LATENT CLASS PATTERN 3 4


     PARAMETER SPECIFICATION FOR LATENT CLASS PATTERN 4 1


     PARAMETER SPECIFICATION FOR LATENT CLASS PATTERN 4 2


     PARAMETER SPECIFICATION FOR LATENT CLASS PATTERN 4 3


     PARAMETER SPECIFICATION FOR LATENT CLASS PATTERN 4 4


     PARAMETER SPECIFICATION FOR LATENT CLASS INDICATOR MODEL PART


           TAU(U) FOR LATENT CLASS PATTERN 1 1
              AB39M$1       AB39T$1       AB39U$1       AB39W$1       AB39X$1
              ________      ________      ________      ________      ________
                    1             2             3             4             5


           TAU(U) FOR LATENT CLASS PATTERN 1 1
              GA33A$1       GA33H$1       GA33I$1       GA33K$1       GA33L$1
              ________      ________      ________      ________      ________
                    1             2             3             4             5


           TAU(U) FOR LATENT CLASS PATTERN 1 2
              AB39M$1       AB39T$1       AB39U$1       AB39W$1       AB39X$1
              ________      ________      ________      ________      ________
                    1             2             3             4             5


           TAU(U) FOR LATENT CLASS PATTERN 1 2
              GA33A$1       GA33H$1       GA33I$1       GA33K$1       GA33L$1
              ________      ________      ________      ________      ________
                    6             7             8             9            10


           TAU(U) FOR LATENT CLASS PATTERN 1 3
              AB39M$1       AB39T$1       AB39U$1       AB39W$1       AB39X$1
              ________      ________      ________      ________      ________
                    1             2             3             4             5


           TAU(U) FOR LATENT CLASS PATTERN 1 3
              GA33A$1       GA33H$1       GA33I$1       GA33K$1       GA33L$1
              ________      ________      ________      ________      ________
                   11            12            13            14            15


           TAU(U) FOR LATENT CLASS PATTERN 1 4
              AB39M$1       AB39T$1       AB39U$1       AB39W$1       AB39X$1
              ________      ________      ________      ________      ________
                    1             2             3             4             5


           TAU(U) FOR LATENT CLASS PATTERN 1 4
              GA33A$1       GA33H$1       GA33I$1       GA33K$1       GA33L$1
              ________      ________      ________      ________      ________
                   16            17            18            19            20


           TAU(U) FOR LATENT CLASS PATTERN 2 1
              AB39M$1       AB39T$1       AB39U$1       AB39W$1       AB39X$1
              ________      ________      ________      ________      ________
                    6             7             8             9            10


           TAU(U) FOR LATENT CLASS PATTERN 2 1
              GA33A$1       GA33H$1       GA33I$1       GA33K$1       GA33L$1
              ________      ________      ________      ________      ________
                    1             2             3             4             5


           TAU(U) FOR LATENT CLASS PATTERN 2 2
              AB39M$1       AB39T$1       AB39U$1       AB39W$1       AB39X$1
              ________      ________      ________      ________      ________
                    6             7             8             9            10


           TAU(U) FOR LATENT CLASS PATTERN 2 2
              GA33A$1       GA33H$1       GA33I$1       GA33K$1       GA33L$1
              ________      ________      ________      ________      ________
                    6             7             8             9            10


           TAU(U) FOR LATENT CLASS PATTERN 2 3
              AB39M$1       AB39T$1       AB39U$1       AB39W$1       AB39X$1
              ________      ________      ________      ________      ________
                    6             7             8             9            10


           TAU(U) FOR LATENT CLASS PATTERN 2 3
              GA33A$1       GA33H$1       GA33I$1       GA33K$1       GA33L$1
              ________      ________      ________      ________      ________
                   11            12            13            14            15


           TAU(U) FOR LATENT CLASS PATTERN 2 4
              AB39M$1       AB39T$1       AB39U$1       AB39W$1       AB39X$1
              ________      ________      ________      ________      ________
                    6             7             8             9            10


           TAU(U) FOR LATENT CLASS PATTERN 2 4
              GA33A$1       GA33H$1       GA33I$1       GA33K$1       GA33L$1
              ________      ________      ________      ________      ________
                   16            17            18            19            20


           TAU(U) FOR LATENT CLASS PATTERN 3 1
              AB39M$1       AB39T$1       AB39U$1       AB39W$1       AB39X$1
              ________      ________      ________      ________      ________
                   11            12            13            14            15


           TAU(U) FOR LATENT CLASS PATTERN 3 1
              GA33A$1       GA33H$1       GA33I$1       GA33K$1       GA33L$1
              ________      ________      ________      ________      ________
                    1             2             3             4             5


           TAU(U) FOR LATENT CLASS PATTERN 3 2
              AB39M$1       AB39T$1       AB39U$1       AB39W$1       AB39X$1
              ________      ________      ________      ________      ________
                   11            12            13            14            15


           TAU(U) FOR LATENT CLASS PATTERN 3 2
              GA33A$1       GA33H$1       GA33I$1       GA33K$1       GA33L$1
              ________      ________      ________      ________      ________
                    6             7             8             9            10


           TAU(U) FOR LATENT CLASS PATTERN 3 3
              AB39M$1       AB39T$1       AB39U$1       AB39W$1       AB39X$1
              ________      ________      ________      ________      ________
                   11            12            13            14            15


           TAU(U) FOR LATENT CLASS PATTERN 3 3
              GA33A$1       GA33H$1       GA33I$1       GA33K$1       GA33L$1
              ________      ________      ________      ________      ________
                   11            12            13            14            15


           TAU(U) FOR LATENT CLASS PATTERN 3 4
              AB39M$1       AB39T$1       AB39U$1       AB39W$1       AB39X$1
              ________      ________      ________      ________      ________
                   11            12            13            14            15


           TAU(U) FOR LATENT CLASS PATTERN 3 4
              GA33A$1       GA33H$1       GA33I$1       GA33K$1       GA33L$1
              ________      ________      ________      ________      ________
                   16            17            18            19            20


           TAU(U) FOR LATENT CLASS PATTERN 4 1
              AB39M$1       AB39T$1       AB39U$1       AB39W$1       AB39X$1
              ________      ________      ________      ________      ________
                   16            17            18            19            20


           TAU(U) FOR LATENT CLASS PATTERN 4 1
              GA33A$1       GA33H$1       GA33I$1       GA33K$1       GA33L$1
              ________      ________      ________      ________      ________
                    1             2             3             4             5


           TAU(U) FOR LATENT CLASS PATTERN 4 2
              AB39M$1       AB39T$1       AB39U$1       AB39W$1       AB39X$1
              ________      ________      ________      ________      ________
                   16            17            18            19            20


           TAU(U) FOR LATENT CLASS PATTERN 4 2
              GA33A$1       GA33H$1       GA33I$1       GA33K$1       GA33L$1
              ________      ________      ________      ________      ________
                    6             7             8             9            10


           TAU(U) FOR LATENT CLASS PATTERN 4 3
              AB39M$1       AB39T$1       AB39U$1       AB39W$1       AB39X$1
              ________      ________      ________      ________      ________
                   16            17            18            19            20


           TAU(U) FOR LATENT CLASS PATTERN 4 3
              GA33A$1       GA33H$1       GA33I$1       GA33K$1       GA33L$1
              ________      ________      ________      ________      ________
                   11            12            13            14            15


           TAU(U) FOR LATENT CLASS PATTERN 4 4
              AB39M$1       AB39T$1       AB39U$1       AB39W$1       AB39X$1
              ________      ________      ________      ________      ________
                   16            17            18            19            20


           TAU(U) FOR LATENT CLASS PATTERN 4 4
              GA33A$1       GA33H$1       GA33I$1       GA33K$1       GA33L$1
              ________      ________      ________      ________      ________
                   16            17            18            19            20


     PARAMETER SPECIFICATION FOR LATENT CLASS REGRESSION MODEL PART


           ALPHA(C)
              C1#1          C1#2          C1#3          C1#4          C2#1
              ________      ________      ________      ________      ________
                   21            22            23             0            24


           ALPHA(C)
              C2#2          C2#3          C2#4
              ________      ________      ________
                   25            26             0


           BETA(C)
              C1#1          C1#2          C1#3          C1#4
              ________      ________      ________      ________
 C2#1              27            30            33             0
 C2#2              28            31            34             0
 C2#3              29            32            35             0
 C2#4               0             0             0             0


     STARTING VALUES FOR LATENT CLASS PATTERN 1 1


     STARTING VALUES FOR LATENT CLASS PATTERN 1 2


     STARTING VALUES FOR LATENT CLASS PATTERN 1 3


     STARTING VALUES FOR LATENT CLASS PATTERN 1 4


     STARTING VALUES FOR LATENT CLASS PATTERN 2 1


     STARTING VALUES FOR LATENT CLASS PATTERN 2 2


     STARTING VALUES FOR LATENT CLASS PATTERN 2 3


     STARTING VALUES FOR LATENT CLASS PATTERN 2 4


     STARTING VALUES FOR LATENT CLASS PATTERN 3 1


     STARTING VALUES FOR LATENT CLASS PATTERN 3 2


     STARTING VALUES FOR LATENT CLASS PATTERN 3 3


     STARTING VALUES FOR LATENT CLASS PATTERN 3 4


     STARTING VALUES FOR LATENT CLASS PATTERN 4 1


     STARTING VALUES FOR LATENT CLASS PATTERN 4 2


     STARTING VALUES FOR LATENT CLASS PATTERN 4 3


     STARTING VALUES FOR LATENT CLASS PATTERN 4 4


     STARTING VALUES FOR LATENT CLASS INDICATOR MODEL PART


           TAU(U) FOR LATENT CLASS PATTERN 1 1
              AB39M$1       AB39T$1       AB39U$1       AB39W$1       AB39X$1
              ________      ________      ________      ________      ________
               -1.132        -0.410        -0.753        -0.395        -0.503


           TAU(U) FOR LATENT CLASS PATTERN 1 1
              GA33A$1       GA33H$1       GA33I$1       GA33K$1       GA33L$1
              ________      ________      ________      ________      ________
               -1.132        -0.410        -0.753        -0.395        -0.503


           TAU(U) FOR LATENT CLASS PATTERN 1 2
              AB39M$1       AB39T$1       AB39U$1       AB39W$1       AB39X$1
              ________      ________      ________      ________      ________
               -1.132        -0.410        -0.753        -0.395        -0.503


           TAU(U) FOR LATENT CLASS PATTERN 1 2
              GA33A$1       GA33H$1       GA33I$1       GA33K$1       GA33L$1
              ________      ________      ________      ________      ________
               -0.382         0.340        -0.003         0.355         0.247


           TAU(U) FOR LATENT CLASS PATTERN 1 3
              AB39M$1       AB39T$1       AB39U$1       AB39W$1       AB39X$1
              ________      ________      ________      ________      ________
               -1.132        -0.410        -0.753        -0.395        -0.503


           TAU(U) FOR LATENT CLASS PATTERN 1 3
              GA33A$1       GA33H$1       GA33I$1       GA33K$1       GA33L$1
              ________      ________      ________      ________      ________
               -0.382         0.340        -0.003         0.355         0.247


           TAU(U) FOR LATENT CLASS PATTERN 1 4
              AB39M$1       AB39T$1       AB39U$1       AB39W$1       AB39X$1
              ________      ________      ________      ________      ________
               -1.132        -0.410        -0.753        -0.395        -0.503


           TAU(U) FOR LATENT CLASS PATTERN 1 4
              GA33A$1       GA33H$1       GA33I$1       GA33K$1       GA33L$1
              ________      ________      ________      ________      ________
                0.368         1.090         0.747         1.105         0.997


           TAU(U) FOR LATENT CLASS PATTERN 2 1
              AB39M$1       AB39T$1       AB39U$1       AB39W$1       AB39X$1
              ________      ________      ________      ________      ________
               -0.382         0.340        -0.003         0.355         0.247


           TAU(U) FOR LATENT CLASS PATTERN 2 1
              GA33A$1       GA33H$1       GA33I$1       GA33K$1       GA33L$1
              ________      ________      ________      ________      ________
               -1.132        -0.410        -0.753        -0.395        -0.503


           TAU(U) FOR LATENT CLASS PATTERN 2 2
              AB39M$1       AB39T$1       AB39U$1       AB39W$1       AB39X$1
              ________      ________      ________      ________      ________
               -0.382         0.340        -0.003         0.355         0.247


           TAU(U) FOR LATENT CLASS PATTERN 2 2
              GA33A$1       GA33H$1       GA33I$1       GA33K$1       GA33L$1
              ________      ________      ________      ________      ________
               -0.382         0.340        -0.003         0.355         0.247


           TAU(U) FOR LATENT CLASS PATTERN 2 3
              AB39M$1       AB39T$1       AB39U$1       AB39W$1       AB39X$1
              ________      ________      ________      ________      ________
               -0.382         0.340        -0.003         0.355         0.247


           TAU(U) FOR LATENT CLASS PATTERN 2 3
              GA33A$1       GA33H$1       GA33I$1       GA33K$1       GA33L$1
              ________      ________      ________      ________      ________
               -0.382         0.340        -0.003         0.355         0.247


           TAU(U) FOR LATENT CLASS PATTERN 2 4
              AB39M$1       AB39T$1       AB39U$1       AB39W$1       AB39X$1
              ________      ________      ________      ________      ________
               -0.382         0.340        -0.003         0.355         0.247


           TAU(U) FOR LATENT CLASS PATTERN 2 4
              GA33A$1       GA33H$1       GA33I$1       GA33K$1       GA33L$1
              ________      ________      ________      ________      ________
                0.368         1.090         0.747         1.105         0.997


           TAU(U) FOR LATENT CLASS PATTERN 3 1
              AB39M$1       AB39T$1       AB39U$1       AB39W$1       AB39X$1
              ________      ________      ________      ________      ________
               -0.382         0.340        -0.003         0.355         0.247


           TAU(U) FOR LATENT CLASS PATTERN 3 1
              GA33A$1       GA33H$1       GA33I$1       GA33K$1       GA33L$1
              ________      ________      ________      ________      ________
               -1.132        -0.410        -0.753        -0.395        -0.503


           TAU(U) FOR LATENT CLASS PATTERN 3 2
              AB39M$1       AB39T$1       AB39U$1       AB39W$1       AB39X$1
              ________      ________      ________      ________      ________
               -0.382         0.340        -0.003         0.355         0.247


           TAU(U) FOR LATENT CLASS PATTERN 3 2
              GA33A$1       GA33H$1       GA33I$1       GA33K$1       GA33L$1
              ________      ________      ________      ________      ________
               -0.382         0.340        -0.003         0.355         0.247


           TAU(U) FOR LATENT CLASS PATTERN 3 3
              AB39M$1       AB39T$1       AB39U$1       AB39W$1       AB39X$1
              ________      ________      ________      ________      ________
               -0.382         0.340        -0.003         0.355         0.247


           TAU(U) FOR LATENT CLASS PATTERN 3 3
              GA33A$1       GA33H$1       GA33I$1       GA33K$1       GA33L$1
              ________      ________      ________      ________      ________
               -0.382         0.340        -0.003         0.355         0.247


           TAU(U) FOR LATENT CLASS PATTERN 3 4
              AB39M$1       AB39T$1       AB39U$1       AB39W$1       AB39X$1
              ________      ________      ________      ________      ________
               -0.382         0.340        -0.003         0.355         0.247


           TAU(U) FOR LATENT CLASS PATTERN 3 4
              GA33A$1       GA33H$1       GA33I$1       GA33K$1       GA33L$1
              ________      ________      ________      ________      ________
                0.368         1.090         0.747         1.105         0.997


           TAU(U) FOR LATENT CLASS PATTERN 4 1
              AB39M$1       AB39T$1       AB39U$1       AB39W$1       AB39X$1
              ________      ________      ________      ________      ________
                0.368         1.090         0.747         1.105         0.997


           TAU(U) FOR LATENT CLASS PATTERN 4 1
              GA33A$1       GA33H$1       GA33I$1       GA33K$1       GA33L$1
              ________      ________      ________      ________      ________
               -1.132        -0.410        -0.753        -0.395        -0.503


           TAU(U) FOR LATENT CLASS PATTERN 4 2
              AB39M$1       AB39T$1       AB39U$1       AB39W$1       AB39X$1
              ________      ________      ________      ________      ________
                0.368         1.090         0.747         1.105         0.997


           TAU(U) FOR LATENT CLASS PATTERN 4 2
              GA33A$1       GA33H$1       GA33I$1       GA33K$1       GA33L$1
              ________      ________      ________      ________      ________
               -0.382         0.340        -0.003         0.355         0.247


           TAU(U) FOR LATENT CLASS PATTERN 4 3
              AB39M$1       AB39T$1       AB39U$1       AB39W$1       AB39X$1
              ________      ________      ________      ________      ________
                0.368         1.090         0.747         1.105         0.997


           TAU(U) FOR LATENT CLASS PATTERN 4 3
              GA33A$1       GA33H$1       GA33I$1       GA33K$1       GA33L$1
              ________      ________      ________      ________      ________
               -0.382         0.340        -0.003         0.355         0.247


           TAU(U) FOR LATENT CLASS PATTERN 4 4
              AB39M$1       AB39T$1       AB39U$1       AB39W$1       AB39X$1
              ________      ________      ________      ________      ________
                0.368         1.090         0.747         1.105         0.997


           TAU(U) FOR LATENT CLASS PATTERN 4 4
              GA33A$1       GA33H$1       GA33I$1       GA33K$1       GA33L$1
              ________      ________      ________      ________      ________
                0.368         1.090         0.747         1.105         0.997


     STARTING VALUES FOR LATENT CLASS REGRESSION MODEL PART


           ALPHA(C)
              C1#1          C1#2          C1#3          C1#4          C2#1
              ________      ________      ________      ________      ________
                0.000         0.000         0.000         0.000         0.000


           ALPHA(C)
              C2#2          C2#3          C2#4
              ________      ________      ________
                0.000         0.000         0.000


           BETA(C)
              C1#1          C1#2          C1#3          C1#4
              ________      ________      ________      ________
 C2#1           0.000         0.000         0.000         0.000
 C2#2           0.000         0.000         0.000         0.000
 C2#3           0.000         0.000         0.000         0.000
 C2#4           0.000         0.000         0.000         0.000


TECHNICAL 15 OUTPUT


     ESTIMATED CONDITIONAL PROBABILITIES FOR THE LATENT CLASS VARIABLES

     P(C1=1)=0.143
     P(C1=2)=0.270
     P(C1=3)=0.290
     P(C1=4)=0.297


     P(C2=1|C1=1)=0.301
     P(C2=2|C1=1)=0.265
     P(C2=3|C1=1)=0.355
     P(C2=4|C1=1)=0.080


     P(C2=1|C1=2)=0.116
     P(C2=2|C1=2)=0.524
     P(C2=3|C1=2)=0.215
     P(C2=4|C1=2)=0.145


     P(C2=1|C1=3)=0.156
     P(C2=2|C1=3)=0.194
     P(C2=3|C1=3)=0.559
     P(C2=4|C1=3)=0.091


     P(C2=1|C1=4)=0.148
     P(C2=2|C1=4)=0.320
     P(C2=3|C1=4)=0.266
     P(C2=4|C1=4)=0.267


     ESTIMATED MARGINAL PROBABILITIES FOR THE LATENT CLASS VARIABLES

     P(C2=1)=0.163
     P(C2=2)=0.331
     P(C2=3)=0.350
     P(C2=4)=0.156



FINAL CLASS COUNTS AND PROPORTIONS FOR THE LATENT CLASSES
BASED ON THE ESTIMATED MODEL

  Latent Class
    Pattern

    1  1        132.48715          0.04285
    1  2        116.77929          0.03777
    1  3        156.25038          0.05053
    1  4         35.16480          0.01137
    2  1         96.71234          0.03128
    2  2        437.03966          0.14135
    2  3        179.20647          0.05796
    2  4        121.24847          0.03921
    3  1        139.56944          0.04514
    3  2        174.44534          0.05642
    3  3        501.63486          0.16224
    3  4         81.71584          0.02643
    4  1        136.02057          0.04399
    4  2        293.90930          0.09505
    4  3        244.39747          0.07904
    4  4        245.41862          0.07937


FINAL CLASS COUNTS AND PROPORTIONS FOR THE LATENT CLASSES
BASED ON ESTIMATED POSTERIOR PROBABILITIES

  Latent Class
    Pattern

    1  1        132.48774          0.04285
    1  2        116.77918          0.03777
    1  3        156.25109          0.05053
    1  4         35.16458          0.01137
    2  1         96.71267          0.03128
    2  2        437.03911          0.14135
    2  3        179.20620          0.05796
    2  4        121.24863          0.03921
    3  1        139.56895          0.04514
    3  2        174.44523          0.05642
    3  3        501.63560          0.16224
    3  4         81.71555          0.02643
    4  1        136.02051          0.04399
    4  2        293.90948          0.09505
    4  3        244.39667          0.07904
    4  4        245.41880          0.07937


FINAL CLASS COUNTS AND PROPORTIONS FOR EACH LATENT CLASS VARIABLE
BASED ON ESTIMATED POSTERIOR PROBABILITIES

  Latent Class
    Variable    Class

    C1             1       440.68259          0.14252
                   2       834.20662          0.26980
                   3       897.36533          0.29022
                   4       919.74546          0.29746
    C2             1       504.78987          0.16326
                   2      1022.17301          0.33059
                   3      1081.48956          0.34977
                   4       483.54757          0.15639


FINAL CLASS COUNTS AND PROPORTIONS FOR THE LATENT CLASSES
BASED ON THEIR MOST LIKELY LATENT CLASS PATTERN

Class Counts and Proportions

  Latent Class
    Pattern

    1  1               88          0.02846
    1  2               99          0.03202
    1  3              267          0.08635
    1  4               14          0.00453
    2  1               78          0.02523
    2  2              593          0.19179
    2  3              141          0.04560
    2  4               67          0.02167
    3  1              128          0.04140
    3  2              167          0.05401
    3  3              658          0.21281
    3  4               46          0.01488
    4  1               94          0.03040
    4  2              338          0.10931
    4  3              197          0.06371
    4  4              117          0.03784


FINAL CLASS COUNTS AND PROPORTIONS FOR EACH LATENT CLASS VARIABLE
BASED ON THEIR MOST LIKELY LATENT CLASS PATTERN

  Latent Class
    Variable    Class

    C1             1             468          0.15136
                   2             879          0.28428
                   3             999          0.32309
                   4             746          0.24127
    C2             1             388          0.12549
                   2            1197          0.38713
                   3            1263          0.40847
                   4             244          0.07891


LATENT CLASS INDICATOR ODDS RATIOS FOR THE LATENT CLASSES

                                                95% C.I.
                    Estimate       S.E.  Lower 2.5% Upper 2.5%

Results for Class-specific Model Parts of C1

Latent Class C1#1 Compared to Latent Class C1#2

 AB39M
    Category > 1       0.165      0.031      0.115      0.237
 AB39T
    Category > 1       0.052      0.021      0.024      0.115
 AB39U
    Category > 1       0.147      0.124      0.028      0.773
 AB39W
    Category > 1       0.023      0.008      0.012      0.045
 AB39X
    Category > 1       0.000      0.000      0.000      0.000

Latent Class C1#1 Compared to Latent Class C1#3

 AB39M
    Category > 1       3.534      0.607      2.523      4.948
 AB39T
    Category > 1      28.802     26.816      4.644    178.631
 AB39U
    Category > 1      66.579     65.736      9.614    461.083
 AB39W
    Category > 1       3.511      1.149      1.848      6.670
 AB39X
    Category > 1       0.000      0.000      0.000      0.001

Latent Class C1#1 Compared to Latent Class C1#4

 AB39M
    Category > 1       0.657      0.130      0.445      0.969
 AB39T
    Category > 1       1.542      0.466      0.852      2.788
 AB39U
    Category > 1       3.302      2.846      0.610     17.880
 AB39W
    Category > 1       0.277      0.087      0.150      0.512
 AB39X
    Category > 1       0.000      0.000      0.000      0.000

Latent Class C1#2 Compared to Latent Class C1#3

 AB39M
    Category > 1      21.430      3.002     16.284     28.201
 AB39T
    Category > 1     550.654    630.298     58.418   5190.541
 AB39U
    Category > 1     452.506    416.700     74.432   2750.974
 AB39W
    Category > 1     150.370     31.472     99.771    226.629
 AB39X
    Category > 1     981.657    795.070    200.695   4801.564

Latent Class C1#2 Compared to Latent Class C1#4

 AB39M
    Category > 1       3.984      0.588      2.983      5.322
 AB39T
    Category > 1      29.473      7.825     17.516     49.593
 AB39U
    Category > 1      22.445      5.056     14.433     34.903
 AB39W
    Category > 1      11.877      2.472      7.898     17.860
 AB39X
    Category > 1       5.809      3.562      1.746     19.325

Latent Class C1#3 Compared to Latent Class C1#4

 AB39M
    Category > 1       0.186      0.027      0.140      0.248
 AB39T
    Category > 1       0.054      0.054      0.007      0.392
 AB39U
    Category > 1       0.050      0.045      0.008      0.299
 AB39W
    Category > 1       0.079      0.017      0.052      0.120
 AB39X
    Category > 1       0.006      0.004      0.001      0.024

Results for Class-specific Model Parts of C2

Latent Class C2#1 Compared to Latent Class C2#2

 GA33A
    Category > 1       0.165      0.031      0.115      0.237
 GA33H
    Category > 1       0.052      0.021      0.024      0.115
 GA33I
    Category > 1       0.147      0.124      0.028      0.773
 GA33K
    Category > 1       0.023      0.008      0.012      0.045
 GA33L
    Category > 1       0.000      0.000      0.000      0.000

Latent Class C2#1 Compared to Latent Class C2#3

 GA33A
    Category > 1       3.534      0.607      2.523      4.948
 GA33H
    Category > 1      28.802     26.816      4.644    178.631
 GA33I
    Category > 1      66.579     65.736      9.614    461.083
 GA33K
    Category > 1       3.511      1.149      1.848      6.670
 GA33L
    Category > 1       0.000      0.000      0.000      0.001

Latent Class C2#1 Compared to Latent Class C2#4

 GA33A
    Category > 1       0.657      0.130      0.445      0.969
 GA33H
    Category > 1       1.542      0.466      0.852      2.788
 GA33I
    Category > 1       3.302      2.846      0.610     17.880
 GA33K
    Category > 1       0.277      0.087      0.150      0.512
 GA33L
    Category > 1       0.000      0.000      0.000      0.000

Latent Class C2#2 Compared to Latent Class C2#3

 GA33A
    Category > 1      21.430      3.002     16.284     28.201
 GA33H
    Category > 1     550.654    630.298     58.418   5190.541
 GA33I
    Category > 1     452.506    416.700     74.432   2750.974
 GA33K
    Category > 1     150.370     31.472     99.771    226.629
 GA33L
    Category > 1     981.657    795.070    200.695   4801.564

Latent Class C2#2 Compared to Latent Class C2#4

 GA33A
    Category > 1       3.984      0.588      2.983      5.322
 GA33H
    Category > 1      29.473      7.825     17.516     49.593
 GA33I
    Category > 1      22.445      5.056     14.433     34.903
 GA33K
    Category > 1      11.877      2.472      7.898     17.860
 GA33L
    Category > 1       5.809      3.562      1.746     19.325

Latent Class C2#3 Compared to Latent Class C2#4

 GA33A
    Category > 1       0.186      0.027      0.140      0.248
 GA33H
    Category > 1       0.054      0.054      0.007      0.392
 GA33I
    Category > 1       0.050      0.045      0.008      0.299
 GA33K
    Category > 1       0.079      0.017      0.052      0.120
 GA33L
    Category > 1       0.006      0.004      0.001      0.024


SAVEDATA INFORMATION


  Save file
    LTA_Inv_CPROBS.dat

  Order and format of variables

    AB39M          F10.3
    AB39T          F10.3
    AB39U          F10.3
    AB39W          F10.3
    AB39X          F10.3
    GA33A          F10.3
    GA33H          F10.3
    GA33I          F10.3
    GA33K          F10.3
    GA33L          F10.3
    CPROB1         F10.3
    CPROB2         F10.3
    CPROB3         F10.3
    CPROB4         F10.3
    CPROB5         F10.3
    CPROB6         F10.3
    CPROB7         F10.3
    CPROB8         F10.3
    CPROB9         F10.3
    CPROB10        F10.3
    CPROB11        F10.3
    CPROB12        F10.3
    CPROB13        F10.3
    CPROB14        F10.3
    CPROB15        F10.3
    CPROB16        F10.3
    C1             F10.3
    C2             F10.3
    MLCJOINT       F10.3

  Save file format
    29F10.3

  Save file record length    10000

  Save missing symbol        9999


     Beginning Time:  19:22:24
        Ending Time:  19:23:08
       Elapsed Time:  00:00:44



MUTHEN & MUTHEN
3463 Stoner Ave.
Los Angeles, CA  90066

Tel: (310) 391-9971
Fax: (310) 391-8971
Web: www.StatModel.com
Support: Support@StatModel.com

Copyright (c) 1998-2023 Muthen & Muthen
